crypto/md4/Makefile:
crypto/md4/Makefile:	$(MAKEDEPEND) -- $(CFLAG) $(INCLUDES) $(DEPFLAG) -- $(PROGS) $(LIBSRC)
crypto/rc4/Makefile:CFLAGS= $(INCLUDES) $(CFLAG)
crypto/rc4/Makefile:	$(MAKEDEPEND) -- $(CFLAG) $(INCLUDES) $(DEPFLAG) -- $(PROGS) $(LIBSRC)
crypto/aes/Makefile:CFLAGS= $(INCLUDES) $(CFLAG)
crypto/aes/Makefile:	$(MAKEDEPEND) -- $(CFLAG) $(INCLUDES) $(DEPFLAG) -- $(PROGS) $(LIBSRC)
crypto/engine/Makefile:CFLAGS= $(INCLUDES) $(CFLAG)
crypto/engine/Makefile:	$(MAKEDEPEND) -- $(CFLAG) $(INCLUDES) $(DEPFLAG) -- $(PROGS) $(LIBSRC)
crypto/pkcs12/Makefile:CFLAGS= $(INCLUDES) $(CFLAG)
crypto/pkcs12/Makefile:	$(MAKEDEPEND) -- $(CFLAG) $(INCLUDES) $(DEPFLAG) -- $(PROGS) $(LIBSRC)
crypto/asn1/Makefile:CFLAGS= $(INCLUDES) $(CFLAG)
crypto/asn1/Makefile:	$(MAKEDEPEND) -- $(CFLAG) $(INCLUDES) $(DEPFLAG) -- $(PROGS) $(LIBSRC)
crypto/sha/Makefile:CFLAGS= $(INCLUDES) $(CFLAG)
crypto/sha/Makefile:	$(MAKEDEPEND) -- $(CFLAG) $(INCLUDES) $(DEPFLAG) -- $(PROGS) $(LIBSRC)
crypto/hmac/Makefile:CFLAGS= $(INCLUDES) $(CFLAG)
crypto/hmac/Makefile:	$(MAKEDEPEND) -- $(CFLAG) $(INCLUDES) $(DEPFLAG) -- $(PROGS) $(LIBSRC)
crypto/bf/Makefile:CFLAGS= $(INCLUDES) $(CFLAG)
crypto/bf/Makefile:	$(MAKEDEPEND) -- $(CFLAG) $(INCLUDES) $(DEPFLAG) -- $(PROGS) $(LIBSRC)
crypto/dh/Makefile:CFLAGS= $(INCLUDES) $(CFLAG)
crypto/dh/Makefile:	$(MAKEDEPEND) -- $(CFLAG) $(INCLUDES) $(DEPFLAG) -- $(PROGS) $(LIBSRC)
crypto/dso/Makefile:CFLAGS= $(INCLUDES) $(CFLAG)
crypto/dso/Makefile:	$(MAKEDEPEND) -- $(CFLAG) $(INCLUDES) $(DEPFLAG) -- $(PROGS) $(LIBSRC)
crypto/err/Makefile:CFLAGS= $(INCLUDES) $(CFLAG)
crypto/err/Makefile:	$(MAKEDEPEND) -- $(CFLAG) $(INCLUDES) $(DEPFLAG) -- $(PROGS) $(LIBSRC)
crypto/rc2/Makefile:CFLAGS= $(INCLUDES) $(CFLAG)
crypto/rc2/Makefile:	$(MAKEDEPEND) -- $(CFLAG) $(INCLUDES) $(DEPFLAG) -- $(PROGS) $(LIBSRC)
crypto/ecdh/Makefile:CFLAGS= $(INCLUDES) $(CFLAG)
crypto/ecdh/Makefile:	$(MAKEDEPEND) -- $(CFLAG) $(INCLUDES) $(DEPFLAG) -- $(PROGS) $(LIBSRC)
crypto/lhash/Makefile:CFLAGS= $(INCLUDES) $(CFLAG)
crypto/lhash/Makefile:	$(MAKEDEPEND) -- $(CFLAG) $(INCLUDES) $(DEPFLAG) -- $(PROGS) $(LIBSRC)
crypto/objects/Makefile:CFLAGS= $(INCLUDES) $(CFLAG)
crypto/objects/Makefile:	$(MAKEDEPEND) -- $(CFLAG) $(INCLUDES) $(DEPFLAG) -- $(PROGS) $(LIBSRC)
crypto/pqueue/Makefile:CFLAGS= $(INCLUDES) $(CFLAG)
crypto/pqueue/Makefile:	$(MAKEDEPEND) -- $(CFLAG) $(INCLUDES) $(DEPFLAG) -- $(PROGS) $(LIBSRC)
crypto/rand/Makefile:CFLAGS= $(INCLUDES) $(CFLAG)
crypto/rand/Makefile:	$(MAKEDEPEND) -- $(CFLAG) $(INCLUDES) $(DEPFLAG) -- $(PROGS) $(LIBSRC)
crypto/cms/Makefile:CFLAGS= $(INCLUDES) $(CFLAG)
crypto/cms/Makefile:	$(MAKEDEPEND) -- $(CFLAG) $(INCLUDES) $(DEPFLAG) -- $(PROGS) $(LIBSRC)
crypto/bn/Makefile:CFLAGS= $(INCLUDES) $(CFLAG)
crypto/bn/Makefile:	$(MAKEDEPEND) -- $(CFLAG) $(INCLUDES) $(DEPFLAG) -- $(PROGS) $(LIBSRC)
crypto/conf/Makefile:CFLAGS= $(INCLUDES) $(CFLAG)
crypto/conf/Makefile:	$(MAKEDEPEND) -- $(CFLAG) $(INCLUDES) $(DEPFLAG) -- $(LIBSRC)
crypto/des/Makefile:CFLAGS= $(INCLUDES) $(CFLAG)
crypto/des/Makefile:	$(MAKEDEPEND) -- $(CFLAG) $(INCLUDES) $(DEPFLAG) -- $(PROGS) $(LIBSRC)
crypto/pkcs7/Makefile:CFLAGS= $(INCLUDES) $(CFLAG)
crypto/pkcs7/Makefile:	$(MAKEDEPEND) -- $(CFLAG) $(INCLUDES) $(DEPFLAG) -- $(PROGS) $(LIBSRC)
crypto/buffer/Makefile:CFLAGS= $(INCLUDES) $(CFLAG)
crypto/buffer/Makefile:	$(MAKEDEPEND) -- $(CFLAG) $(INCLUDES) $(DEPFLAG) -- $(PROGS) $(LIBSRC)
crypto/ocsp/Makefile:CFLAGS= $(INCLUDES) $(CFLAG)
crypto/ocsp/Makefile:	$(MAKEDEPEND) -- $(CFLAG) $(INCLUDES) $(DEPFLAG) -- $(LIBSRC)
crypto/bio/Makefile:CFLAGS= $(INCLUDES) $(CFLAG)
crypto/bio/Makefile:	$(MAKEDEPEND) -- $(CFLAG) $(INCLUDES) $(DEPFLAG) -- $(PROGS) $(LIBSRC)
crypto/txt_db/Makefile:CFLAGS= $(INCLUDES) $(CFLAG)
crypto/txt_db/Makefile:	$(MAKEDEPEND) -- $(CFLAG) $(INCLUDES) $(DEPFLAG) -- $(PROGS) $(LIBSRC)
crypto/ui/Makefile:CFLAGS= $(INCLUDES) $(CFLAG)
crypto/ui/Makefile:	$(MAKEDEPEND) -- $(CFLAG) $(INCLUDES) $(DEPFLAG) -- $(PROGS) $(LIBSRC)
crypto/store/Makefile:CFLAGS= $(INCLUDES) $(CFLAG)
crypto/store/Makefile:	$(MAKEDEPEND) -- $(CFLAG) $(INCLUDES) $(DEPFLAG) -- $(PROGS) $(LIBSRC)
crypto/stack/Makefile:CFLAGS= $(INCLUDES) $(CFLAG)
crypto/stack/Makefile:	$(MAKEDEPEND) -- $(CFLAG) $(INCLUDES) $(DEPFLAG) -- $(PROGS) $(LIBSRC)
crypto/ripemd/Makefile:CFLAGS= $(INCLUDES) $(CFLAG)
crypto/ripemd/Makefile:	$(MAKEDEPEND) -- $(CFLAG) $(INCLUDES) $(DEPFLAG) -- $(PROGS) $(LIBSRC)
crypto/x509/Makefile:CFLAGS= $(INCLUDES) $(CFLAG)
crypto/x509/Makefile:	$(MAKEDEPEND) -- $(CFLAG) $(INCLUDES) $(DEPFLAG) -- $(PROGS) $(LIBSRC)
crypto/cast/Makefile:CFLAGS= $(INCLUDES) $(CFLAG)
crypto/cast/Makefile:	$(MAKEDEPEND) -- $(CFLAG) $(INCLUDES) $(DEPFLAG) -- $(PROGS) $(LIBSRC)
crypto/rsa/Makefile:CFLAGS= $(INCLUDES) $(CFLAG)
crypto/rsa/Makefile:	$(MAKEDEPEND) -- $(CFLAG) $(INCLUDES) $(DEPFLAG) -- $(PROGS) $(LIBSRC)
crypto/krb5/Makefile:CFLAGS= $(INCLUDES) $(CFLAG)
crypto/krb5/Makefile:	$(MAKEDEPEND) -- $(CFLAG) $(INCLUDES) $(DEPFLAG) -- $(LIBSRC)
crypto/pem/Makefile:CFLAGS= $(INCLUDES) $(CFLAG)
crypto/pem/Makefile:	$(MAKEDEPEND) -- $(CFLAG) $(INCLUDES) $(DEPFLAG) -- $(LIBSRC)
crypto/comp/Makefile:CFLAGS= $(INCLUDES) $(CFLAG)
crypto/comp/Makefile:	$(MAKEDEPEND) -- $(CFLAG) $(INCLUDES) $(DEPFLAG) -- $(LIBSRC)
crypto/jpake/Makefile:CFLAGS= $(INCLUDES) $(CFLAG)
crypto/jpake/Makefile:	$(MAKEDEPEND) -- $(CFLAG) $(INCLUDES) $(DEPFLAG) -- $(PROGS) $(LIBSRC)
crypto/camellia/Makefile:CFLAGS= $(INCLUDES) $(CFLAG)
crypto/camellia/Makefile:	$(MAKEDEPEND) -- $(CFLAG) $(INCLUDES) $(DEPFLAG) -- $(PROGS) $(LIBSRC)
crypto/ecdsa/Makefile:CFLAGS= $(INCLUDES) $(CFLAG)
crypto/ecdsa/Makefile:	$(MAKEDEPEND) -- $(CFLAG) $(INCLUDES) $(DEPFLAG) -- $(PROGS) $(LIBSRC)
crypto/seed/Makefile:CFLAGS= $(INCLUDES) $(CFLAG)
crypto/seed/Makefile:	$(MAKEDEPEND) -- $(CFLAG) $(INCLUDES) $(DEPFLAG) -- $(PROGS) $(LIBSRC)
crypto/dsa/Makefile:CFLAGS= $(INCLUDES) $(CFLAG)
crypto/dsa/Makefile:	$(MAKEDEPEND) -- $(CFLAG) $(INCLUDES) $(DEPFLAG) -- $(PROGS) $(LIBSRC)
crypto/md5/Makefile:CFLAGS= $(INCLUDES) $(CFLAG)
crypto/md5/Makefile:	$(MAKEDEPEND) -- $(CFLAG) $(INCLUDES) $(DEPFLAG) -- $(PROGS) $(LIBSRC)
crypto/md2/Makefile:CFLAGS= $(INCLUDES) $(CFLAG)
crypto/md2/Makefile:	$(MAKEDEPEND) -- $(CFLAG) $(INCLUDES) $(DEPFLAG) -- $(PROGS) $(LIBSRC)
crypto/x509v3/Makefile:CFLAGS= $(INCLUDES) $(CFLAG)
crypto/x509v3/Makefile:	$(MAKEDEPEND) -- $(CFLAG) $(INCLUDES) $(DEPFLAG) -- $(PROGS) $(LIBSRC)
crypto/evp/Makefile:CFLAGS= $(INCLUDES) $(CFLAG)
crypto/evp/Makefile:	$(MAKEDEPEND) -- $(CFLAG) $(INCLUDES) $(DEPFLAG) -- $(LIBSRC)
crypto/Makefile:CFLAGS= $(INCLUDE) $(CFLAG)
crypto/Makefile:	echo '  #define CFLAGS "$(CC) $(CFLAG)"'; \
crypto/Makefile:	@[ -z "$(THIS)" ] || $(MAKEDEPEND) -- $(CFLAG) $(INCLUDE) $(DEPFLAG) -- $(PROGS) $(LIBSRC)
crypto/ec/Makefile:CFLAGS= $(INCLUDES) $(CFLAG)
crypto/ec/Makefile:	$(MAKEDEPEND) -- $(CFLAG) $(INCLUDES) $(DEPFLAG) -- $(PROGS) $(LIBSRC)
crypto/rc5/Makefile:CFLAGS= $(INCLUDES) $(CFLAG)
crypto/rc5/Makefile:	$(MAKEDEPEND) -- $(CFLAG) $(INCLUDES) $(DEPFLAG) -- $(PROGS) $(LIBSRC)
crypto/mdc2/Makefile:CFLAGS= $(INCLUDES) $(CFLAG)
crypto/mdc2/Makefile:	$(MAKEDEPEND) -- $(CFLAG) $(INCLUDES) $(DEPFLAG) -- $(PROGS) $(LIBSRC)
crypto/idea/Makefile:CFLAGS= $(INCLUDES) $(CFLAG)
crypto/idea/Makefile:	$(MAKEDEPEND) -- $(CFLAG) $(INCLUDES) $(DEPFLAG) -- $(PROGS) $(LIBSRC)
ssl/Makefile:CFLAGS= $(INCLUDES) $(CFLAG)
ssl/Makefile:	    $(MAKEDEPEND) -- $(CFLAG) $(INCLUDES) $(DEPFLAG) -- $(PROGS) $(LIBSRC); \
util/mk1mf.pl:APP_CFLAGS=\$(INC) \$(CFLAG) \$(APP_CFLAG)
util/mk1mf.pl:LIB_CFLAGS=\$(INC) \$(CFLAG) \$(LIB_CFLAG)
util/mk1mf.pl:SHLIB_CFLAGS=\$(INC) \$(CFLAG) \$(LIB_CFLAG) \$(SHLIB_CFLAG)
util/pl/OS2-EMX.pl:	$ret.="\t\$(LINK) ${efile}$target \$(CFLAG) \$(LFLAGS) $files $libs\n\n";
Makefile.bak:ASFLAG=$(CFLAG)
Makefile.org:ASFLAG=$(CFLAG)
tools/Makefile:CFLAGS= $(INCLUDES) $(CFLAG)
test/Makefile:CFLAGS= $(INCLUDES) $(CFLAG)
test/Makefile:	    $(MAKEDEPEND) -- $(CFLAG) $(INCLUDES) $(DEPFLAG) -- $(PROGS) $(SRC); \
fips/aes/Makefile:CFLAGS= $(INCLUDES) $(CFLAG)
fips/aes/Makefile:	$(MAKEDEPEND) -- $(CFLAG) $(INCLUDES) $(DEPFLAG) -- $(PROGS) \
fips/sha/Makefile:CFLAGS= $(INCLUDES) $(CFLAG)
fips/sha/Makefile:	$(MAKEDEPEND) -- $(CFLAG) $(INCLUDES) $(DEPFLAG) -- $(SRC) $(TEST)
fips/hmac/Makefile:CFLAGS= $(INCLUDES) $(CFLAG)
fips/hmac/Makefile:	$(MAKEDEPEND) -- $(CFLAG) $(INCLUDES) $(DEPFLAG) -- $(SRC) $(TEST)
fips/dh/Makefile:CFLAGS= $(INCLUDES) $(CFLAG)
fips/dh/Makefile:	$(MAKEDEPEND) -- $(CFLAG) $(INCLUDES) $(DEPFLAG) -- $(SRC) $(TEST)
fips/rand/Makefile:CFLAGS= $(INCLUDES) $(CFLAG)
fips/rand/Makefile:	$(MAKEDEPEND) -- $(CFLAG) $(INCLUDES) $(DEPFLAG) -- $(SRC) $(TEST)
fips/des/Makefile:CFLAGS= $(INCLUDES) $(CFLAG)
fips/des/Makefile:	$(MAKEDEPEND) -- $(CFLAG) $(INCLUDES) $(DEPFLAG) -- $(PROGS) \
fips/rsa/Makefile:CFLAGS= $(INCLUDES) $(CFLAG)
fips/rsa/Makefile:	$(MAKEDEPEND) -- $(CFLAG) $(INCLUDES) $(DEPFLAG) -- $(SRC) $(TEST)
fips/dsa/Makefile:CFLAGS= $(INCLUDES) $(CFLAG)
fips/dsa/Makefile:	$(MAKEDEPEND) -- $(CFLAG) $(INCLUDES) $(DEPFLAG) -- $(SRC) $(TEST)
fips/Makefile:CFLAGS= $(INCLUDE) $(CFLAG) -DHMAC_EXT=\"$${HMAC_EXT:-sha1}\"
fips/Makefile:	@[ -z "$(THIS)" ] || $(MAKEDEPEND) -- $(CFLAG) $(INCLUDE) $(DEPFLAG) -- $(PROGS) $(LIBSRC)
Makefile.shared:CFLAGS=$(CFLAG)
Makefile:ASFLAG=$(CFLAG)
apps/Makefile:CFLAGS= -DMONOLITH $(INCLUDES) $(CFLAG)
apps/Makefile:	$(CC) -c $(INCLUDES) $(CFLAG) -o sreq.o req.c
apps/Makefile:	    $(MAKEDEPEND) -- $(CFLAG) $(INCLUDES) $(DEPFLAG) -- $(PROGS) $(SRC); \
engines/Makefile:CFLAGS= $(INCLUDES) $(CFLAG)
engines/Makefile:	    $(MAKEDEPEND) -- $(CFLAG) $(INCLUDES) $(DEPFLAG) -- $(PROGS) $(LIBSRC); \
