if [ -n "" ]; then \
		EXCL_OBJ='aes_core.o aes_cbc.o bn_asm.o des_enc.o fcrypt_b.o   ../crypto/aes/aes_cfb.o ../crypto/aes/aes_ecb.o ../crypto/aes/aes_ofb.o ../crypto/bn/bn_add.o ../crypto/bn/bn_blind.o ../crypto/bn/bn_ctx.o ../crypto/bn/bn_div.o ../crypto/bn/bn_exp2.o ../crypto/bn/bn_exp.o ../crypto/bn/bn_gcd.o ../crypto/bn/bn_lib.o ../crypto/bn/bn_mod.o ../crypto/bn/bn_mont.o ../crypto/bn/bn_mul.o ../crypto/bn/bn_prime.o ../crypto/bn/bn_rand.o ../crypto/bn/bn_recp.o ../crypto/bn/bn_shift.o ../crypto/bn/bn_sqr.o ../crypto/bn/bn_word.o ../crypto/bn/bn_x931p.o ../crypto/buffer/buf_str.o ../crypto/cryptlib.o ../crypto/des/cfb64ede.o ../crypto/des/cfb64enc.o ../crypto/des/cfb_enc.o ../crypto/des/ecb3_enc.o ../crypto/des/ecb_enc.o ../crypto/des/ofb64ede.o ../crypto/des/ofb64enc.o ../crypto/des/fcrypt.o ../crypto/des/set_key.o ../crypto/dsa/dsa_utl.o ../crypto/dsa/dsa_sign.o ../crypto/dsa/dsa_vrf.o ../crypto/err/err.o ../crypto/evp/digest.o ../crypto/evp/enc_min.o ../crypto/evp/e_aes.o ../crypto/evp/e_des3.o ../crypto/evp/p_sign.o ../crypto/evp/p_verify.o ../crypto/mem_clr.o ../crypto/mem.o ../crypto/rand/md_rand.o ../crypto/rand/rand_egd.o ../crypto/rand/randfile.o ../crypto/rand/rand_lib.o ../crypto/rand/rand_os2.o ../crypto/rand/rand_unix.o ../crypto/rand/rand_win.o ../crypto/rsa/rsa_lib.o ../crypto/rsa/rsa_none.o ../crypto/rsa/rsa_oaep.o ../crypto/rsa/rsa_pk1.o ../crypto/rsa/rsa_pss.o ../crypto/rsa/rsa_ssl.o ../crypto/rsa/rsa_x931.o ../crypto/sha/sha1dgst.o ../crypto/sha/sha256.o ../crypto/sha/sha512.o ../crypto/uid.o' ; export EXCL_OBJ ; \
		ARX='/usr/bin/perl ${TOP}/util/arx.pl ar  r' ; \
	else \
		ARX='ar  r' ; \
	fi ; export ARX ; \
		dir=crypto; target=all; if echo " crypto ssl engines apps test tools " | grep " $dir " >/dev/null 2>/dev/null; then if [ -d "$dir" ]; then (	[ $target != all -a -z "" ] && FIPSCANLIB=/dev/null; cd $dir && echo "making $target in $dir..." && TOP= && unset TOP ${LIB+LIB} ${LIBS+LIBS} ${INCLUDE+INCLUDE} ${INCLUDES+INCLUDES} ${DIR+DIR} ${DIRS+DIRS} ${SRC+SRC} ${LIBSRC+LIBSRC} ${LIBOBJ+LIBOBJ} ${ALL+ALL} ${EXHEADER+EXHEADER} ${HEADER+HEADER} ${GENERAL+GENERAL} ${CFLAGS+CFLAGS} ${ASFLAGS+ASFLAGS} ${AFLAGS+AFLAGS} ${LDCMD+LDCMD} ${LDFLAGS+LDFLAGS} ${SHAREDCMD+SHAREDCMD} ${SHAREDFLAGS+SHAREDFLAGS} ${SHARED_LIB+SHARED_LIB} ${LIBEXTRAS+LIBEXTRAS} && make -e PLATFORM='dist' PROCESSOR='' CC='cc' CFLAG='-O' AS='cc' ASFLAG='-O -c' AR='ar  r' PERL='/usr/bin/perl' RANLIB='/usr/bin/ranlib' SDIRS='objects md2 md4 md5 sha hmac ripemd des aes rc2 rc4 idea bf cast bn ec rsa dsa ecdsa dh ecdh dso engine buffer bio stack lhash rand err evp asn1 pem x509 x509v3 conf txt_db pkcs7 pkcs12 comp ocsp ui krb5 store pqueue' LIBRPATH='/usr/local/ssl/lib' INSTALL_PREFIX='' INSTALLTOP='/usr/local/ssl' OPENSSLDIR='/usr/local/ssl' LIBDIR='lib' MAKEDEPEND='$${TOP}/util/domd $${TOP} -MD makedepend' DEPFLAG='-DOPENSSL_NO_DEPRECATED -DOPENSSL_NO_CAMELLIA -DOPENSSL_NO_CAPIENG -DOPENSSL_NO_CMS -DOPENSSL_NO_GMP -DOPENSSL_NO_JPAKE -DOPENSSL_NO_MDC2 -DOPENSSL_NO_RC5 -DOPENSSL_NO_RFC3779 -DOPENSSL_NO_SEED' MAKEDEPPROG='makedepend' SHARED_LDFLAGS='' KRB5_INCLUDES='' LIBKRB5='' EXE_EXT='' SHARED_LIBS='' SHLIB_EXT='' SHLIB_TARGET='' PEX_LIBS='' EX_LIBS='' CPUID_OBJ='' BN_ASM='bn_asm.o' DES_ENC='des_enc.o fcrypt_b.o' AES_ASM_OBJ='aes_core.o aes_cbc.o' BF_ENC='bf_enc.o' CAST_ENC='c_enc.o' RC4_ENC='rc4_enc.o rc4_skey.o' RC5_ENC='rc5_enc.o' SHA1_ASM_OBJ='' MD5_ASM_OBJ='' RMD160_ASM_OBJ='' FIPSLIBDIR='/usr/local/ssl/fips-1.0/lib/' FIPSCANLIB="${FIPSCANLIB:-}" FIPSCANISTERINTERNAL='n' FIPS_EX_OBJ='../crypto/aes/aes_cfb.o ../crypto/aes/aes_ecb.o ../crypto/aes/aes_ofb.o ../crypto/bn/bn_add.o ../crypto/bn/bn_blind.o ../crypto/bn/bn_ctx.o ../crypto/bn/bn_div.o ../crypto/bn/bn_exp2.o ../crypto/bn/bn_exp.o ../crypto/bn/bn_gcd.o ../crypto/bn/bn_lib.o ../crypto/bn/bn_mod.o ../crypto/bn/bn_mont.o ../crypto/bn/bn_mul.o ../crypto/bn/bn_prime.o ../crypto/bn/bn_rand.o ../crypto/bn/bn_recp.o ../crypto/bn/bn_shift.o ../crypto/bn/bn_sqr.o ../crypto/bn/bn_word.o ../crypto/bn/bn_x931p.o ../crypto/buffer/buf_str.o ../crypto/cryptlib.o ../crypto/des/cfb64ede.o ../crypto/des/cfb64enc.o ../crypto/des/cfb_enc.o ../crypto/des/ecb3_enc.o ../crypto/des/ecb_enc.o ../crypto/des/ofb64ede.o ../crypto/des/ofb64enc.o ../crypto/des/fcrypt.o ../crypto/des/set_key.o ../crypto/dsa/dsa_utl.o ../crypto/dsa/dsa_sign.o ../crypto/dsa/dsa_vrf.o ../crypto/err/err.o ../crypto/evp/digest.o ../crypto/evp/enc_min.o ../crypto/evp/e_aes.o ../crypto/evp/e_des3.o ../crypto/evp/p_sign.o ../crypto/evp/p_verify.o ../crypto/mem_clr.o ../crypto/mem.o ../crypto/rand/md_rand.o ../crypto/rand/rand_egd.o ../crypto/rand/randfile.o ../crypto/rand/rand_lib.o ../crypto/rand/rand_os2.o ../crypto/rand/rand_unix.o ../crypto/rand/rand_win.o ../crypto/rsa/rsa_lib.o ../crypto/rsa/rsa_none.o ../crypto/rsa/rsa_oaep.o ../crypto/rsa/rsa_pk1.o ../crypto/rsa/rsa_pss.o ../crypto/rsa/rsa_ssl.o ../crypto/rsa/rsa_x931.o ../crypto/sha/sha1dgst.o ../crypto/sha/sha256.o ../crypto/sha/sha512.o ../crypto/uid.o' THIS=${THIS:-build_crypto} MAKEFILE=Makefile MAKEOVERRIDES= TOP=.. DIR=$dir $target ) || exit 1; fi; fi
making all in crypto...
make[1]: Entering directory `/root/Desktop/openssl-0.9.8zg/crypto'
( echo "#ifndef MK1MF_BUILD"; \
	echo '  /* auto-generated by crypto/Makefile for crypto/cversion.c */'; \
	echo '  #define CFLAGS "cc -O"'; \
	echo '  #define PLATFORM "dist"'; \
	echo "  #define DATE \"`LC_ALL=C LC_TIME=C date`\""; \
	echo '#endif' ) >buildinf.h
cc -I. -I.. -I../include -O   -c -o cryptlib.o cryptlib.c
cc -I. -I.. -I../include -O   -c -o dyn_lck.o dyn_lck.c
cc -I. -I.. -I../include -O   -c -o mem.o mem.c
cc -I. -I.. -I../include -O   -c -o mem_clr.o mem_clr.c
cc -I. -I.. -I../include -O   -c -o mem_dbg.o mem_dbg.c
cc -I. -I.. -I../include -O   -c -o cversion.o cversion.c
cc -I. -I.. -I../include -O   -c -o ex_data.o ex_data.c
cc -I. -I.. -I../include -O   -c -o tmdiff.o tmdiff.c
cc -I. -I.. -I../include -O   -c -o cpt_err.o cpt_err.c
cc -I. -I.. -I../include -O   -c -o ebcdic.o ebcdic.c
cc -I. -I.. -I../include -O   -c -o uid.o uid.c
cc -I. -I.. -I../include -O   -c -o o_time.o o_time.c
cc -I. -I.. -I../include -O   -c -o o_str.o o_str.c
cc -I. -I.. -I../include -O   -c -o o_dir.o o_dir.c
cc -I. -I.. -I../include -O   -c -o o_init.o o_init.c
cc -I. -I.. -I../include -O   -c -o fips_err.o fips_err.c
ar  r ../libcrypto.a cryptlib.o dyn_lck.o mem.o mem_clr.o mem_dbg.o cversion.o ex_data.o tmdiff.o cpt_err.o ebcdic.o uid.o o_time.o o_str.o o_dir.o o_init.o fips_err.o 
/usr/bin/ranlib ../libcrypto.a || echo Never mind.
making all in crypto/objects...
make[2]: Entering directory `/root/Desktop/openssl-0.9.8zg/crypto/objects'
cc -I.. -I../.. -I../../include -O   -c -o o_names.o o_names.c
cc -I.. -I../.. -I../../include -O   -c -o obj_dat.o obj_dat.c
cc -I.. -I../.. -I../../include -O   -c -o obj_lib.o obj_lib.c
cc -I.. -I../.. -I../../include -O   -c -o obj_err.o obj_err.c
ar  r ../../libcrypto.a o_names.o obj_dat.o obj_lib.o obj_err.o
/usr/bin/ranlib ../../libcrypto.a || echo Never mind.
make[2]: Leaving directory `/root/Desktop/openssl-0.9.8zg/crypto/objects'
making all in crypto/md2...
make[2]: Entering directory `/root/Desktop/openssl-0.9.8zg/crypto/md2'
cc -I.. -I../.. -I../../include -O   -c -o md2_dgst.o md2_dgst.c
cc -I.. -I../.. -I../../include -O   -c -o md2_one.o md2_one.c
ar  r ../../libcrypto.a md2_dgst.o md2_one.o
/usr/bin/ranlib ../../libcrypto.a || echo Never mind.
make[2]: Leaving directory `/root/Desktop/openssl-0.9.8zg/crypto/md2'
making all in crypto/md4...
make[2]: Entering directory `/root/Desktop/openssl-0.9.8zg/crypto/md4'
cc -I.. -I../.. -I../../include -O   -c -o md4_dgst.o md4_dgst.c
cc -I.. -I../.. -I../../include -O   -c -o md4_one.o md4_one.c
ar  r ../../libcrypto.a md4_dgst.o md4_one.o
/usr/bin/ranlib ../../libcrypto.a || echo Never mind.
make[2]: Leaving directory `/root/Desktop/openssl-0.9.8zg/crypto/md4'
making all in crypto/md5...
make[2]: Entering directory `/root/Desktop/openssl-0.9.8zg/crypto/md5'
cc -I.. -I../.. -I../../include -O   -c -o md5_dgst.o md5_dgst.c
cc -I.. -I../.. -I../../include -O   -c -o md5_one.o md5_one.c
ar  r ../../libcrypto.a md5_dgst.o md5_one.o 
/usr/bin/ranlib ../../libcrypto.a || echo Never mind.
make[2]: Leaving directory `/root/Desktop/openssl-0.9.8zg/crypto/md5'
making all in crypto/sha...
make[2]: Entering directory `/root/Desktop/openssl-0.9.8zg/crypto/sha'
cc -I.. -I../.. -I../../include -O   -c -o sha_dgst.o sha_dgst.c
cc -I.. -I../.. -I../../include -O   -c -o sha1dgst.o sha1dgst.c
cc -I.. -I../.. -I../../include -O   -c -o sha_one.o sha_one.c
cc -I.. -I../.. -I../../include -O   -c -o sha1_one.o sha1_one.c
cc -I.. -I../.. -I../../include -O   -c -o sha256.o sha256.c
cc -I.. -I../.. -I../../include -O   -c -o sha512.o sha512.c
ar  r ../../libcrypto.a sha_dgst.o sha1dgst.o sha_one.o sha1_one.o sha256.o sha512.o 
/usr/bin/ranlib ../../libcrypto.a || echo Never mind.
make[2]: Leaving directory `/root/Desktop/openssl-0.9.8zg/crypto/sha'
making all in crypto/hmac...
make[2]: Entering directory `/root/Desktop/openssl-0.9.8zg/crypto/hmac'
cc -I.. -I../.. -I../../include -O   -c -o hmac.o hmac.c
ar  r ../../libcrypto.a hmac.o
/usr/bin/ranlib ../../libcrypto.a || echo Never mind.
make[2]: Leaving directory `/root/Desktop/openssl-0.9.8zg/crypto/hmac'
making all in crypto/ripemd...
make[2]: Entering directory `/root/Desktop/openssl-0.9.8zg/crypto/ripemd'
cc -I.. -I../.. -I../../include -O   -c -o rmd_dgst.o rmd_dgst.c
cc -I.. -I../.. -I../../include -O   -c -o rmd_one.o rmd_one.c
ar  r ../../libcrypto.a rmd_dgst.o rmd_one.o 
/usr/bin/ranlib ../../libcrypto.a || echo Never mind.
make[2]: Leaving directory `/root/Desktop/openssl-0.9.8zg/crypto/ripemd'
making all in crypto/des...
make[2]: Entering directory `/root/Desktop/openssl-0.9.8zg/crypto/des'
cc -I.. -I../.. -I../../include -O   -c -o des_lib.o des_lib.c
cc -I.. -I../.. -I../../include -O   -c -o set_key.o set_key.c
cc -I.. -I../.. -I../../include -O   -c -o ecb_enc.o ecb_enc.c
cc -I.. -I../.. -I../../include -O   -c -o cbc_enc.o cbc_enc.c
cc -I.. -I../.. -I../../include -O   -c -o ecb3_enc.o ecb3_enc.c
cc -I.. -I../.. -I../../include -O   -c -o cfb64enc.o cfb64enc.c
cc -I.. -I../.. -I../../include -O   -c -o cfb64ede.o cfb64ede.c
cc -I.. -I../.. -I../../include -O   -c -o cfb_enc.o cfb_enc.c
cc -I.. -I../.. -I../../include -O   -c -o ofb64ede.o ofb64ede.c
cc -I.. -I../.. -I../../include -O   -c -o enc_read.o enc_read.c
cc -I.. -I../.. -I../../include -O   -c -o enc_writ.o enc_writ.c
cc -I.. -I../.. -I../../include -O   -c -o ofb64enc.o ofb64enc.c
cc -I.. -I../.. -I../../include -O   -c -o ofb_enc.o ofb_enc.c
cc -I.. -I../.. -I../../include -O   -c -o str2key.o str2key.c
cc -I.. -I../.. -I../../include -O   -c -o pcbc_enc.o pcbc_enc.c
cc -I.. -I../.. -I../../include -O   -c -o qud_cksm.o qud_cksm.c
cc -I.. -I../.. -I../../include -O   -c -o rand_key.o rand_key.c
cc -I.. -I../.. -I../../include -O   -c -o des_enc.o des_enc.c
cc -I.. -I../.. -I../../include -O   -c -o fcrypt_b.o fcrypt_b.c
cc -I.. -I../.. -I../../include -O   -c -o fcrypt.o fcrypt.c
cc -I.. -I../.. -I../../include -O   -c -o xcbc_enc.o xcbc_enc.c
cc -I.. -I../.. -I../../include -O   -c -o rpc_enc.o rpc_enc.c
cc -I.. -I../.. -I../../include -O   -c -o cbc_cksm.o cbc_cksm.c
cc -I.. -I../.. -I../../include -O   -c -o ede_cbcm_enc.o ede_cbcm_enc.c
cc -I.. -I../.. -I../../include -O   -c -o des_old.o des_old.c
cc -I.. -I../.. -I../../include -O   -c -o des_old2.o des_old2.c
cc -I.. -I../.. -I../../include -O   -c -o read2pwd.o read2pwd.c
ar  r ../../libcrypto.a des_lib.o set_key.o  ecb_enc.o  cbc_enc.o ecb3_enc.o cfb64enc.o cfb64ede.o cfb_enc.o  ofb64ede.o enc_read.o enc_writ.o ofb64enc.o ofb_enc.o  str2key.o  pcbc_enc.o qud_cksm.o rand_key.o des_enc.o fcrypt_b.o fcrypt.o xcbc_enc.o rpc_enc.o  cbc_cksm.o ede_cbcm_enc.o des_old.o des_old2.o read2pwd.o
/usr/bin/ranlib ../../libcrypto.a || echo Never mind.
make[2]: Leaving directory `/root/Desktop/openssl-0.9.8zg/crypto/des'
making all in crypto/aes...
make[2]: Entering directory `/root/Desktop/openssl-0.9.8zg/crypto/aes'
cc -I.. -I../.. -I../../include -O   -c -o aes_misc.o aes_misc.c
cc -I.. -I../.. -I../../include -O   -c -o aes_ecb.o aes_ecb.c
cc -I.. -I../.. -I../../include -O   -c -o aes_cfb.o aes_cfb.c
cc -I.. -I../.. -I../../include -O   -c -o aes_ofb.o aes_ofb.c
cc -I.. -I../.. -I../../include -O   -c -o aes_ctr.o aes_ctr.c
cc -I.. -I../.. -I../../include -O   -c -o aes_ige.o aes_ige.c
cc -I.. -I../.. -I../../include -O   -c -o aes_wrap.o aes_wrap.c
cc -I.. -I../.. -I../../include -O   -c -o aes_core.o aes_core.c
cc -I.. -I../.. -I../../include -O   -c -o aes_cbc.o aes_cbc.c
ar  r ../../libcrypto.a aes_misc.o aes_ecb.o aes_cfb.o aes_ofb.o aes_ctr.o aes_ige.o aes_wrap.o aes_core.o aes_cbc.o
/usr/bin/ranlib ../../libcrypto.a || echo Never mind.
make[2]: Leaving directory `/root/Desktop/openssl-0.9.8zg/crypto/aes'
making all in crypto/rc2...
make[2]: Entering directory `/root/Desktop/openssl-0.9.8zg/crypto/rc2'
cc -I.. -I../.. -I../../include -O   -c -o rc2_ecb.o rc2_ecb.c
cc -I.. -I../.. -I../../include -O   -c -o rc2_skey.o rc2_skey.c
cc -I.. -I../.. -I../../include -O   -c -o rc2_cbc.o rc2_cbc.c
cc -I.. -I../.. -I../../include -O   -c -o rc2cfb64.o rc2cfb64.c
cc -I.. -I../.. -I../../include -O   -c -o rc2ofb64.o rc2ofb64.c
ar  r ../../libcrypto.a rc2_ecb.o rc2_skey.o rc2_cbc.o rc2cfb64.o rc2ofb64.o
/usr/bin/ranlib ../../libcrypto.a || echo Never mind.
make[2]: Leaving directory `/root/Desktop/openssl-0.9.8zg/crypto/rc2'
making all in crypto/rc4...
make[2]: Entering directory `/root/Desktop/openssl-0.9.8zg/crypto/rc4'
cc -I.. -I../.. -I../../include -O   -c -o rc4_enc.o rc4_enc.c
cc -I.. -I../.. -I../../include -O   -c -o rc4_skey.o rc4_skey.c
cc -I.. -I../.. -I../../include -O   -c -o rc4_fblk.o rc4_fblk.c
ar  r ../../libcrypto.a rc4_enc.o rc4_skey.o rc4_fblk.o
/usr/bin/ranlib ../../libcrypto.a || echo Never mind.
make[2]: Leaving directory `/root/Desktop/openssl-0.9.8zg/crypto/rc4'
making all in crypto/idea...
make[2]: Entering directory `/root/Desktop/openssl-0.9.8zg/crypto/idea'
cc -I.. -I../.. -I../../include -O   -c -o i_cbc.o i_cbc.c
cc -I.. -I../.. -I../../include -O   -c -o i_cfb64.o i_cfb64.c
cc -I.. -I../.. -I../../include -O   -c -o i_ofb64.o i_ofb64.c
cc -I.. -I../.. -I../../include -O   -c -o i_ecb.o i_ecb.c
cc -I.. -I../.. -I../../include -O   -c -o i_skey.o i_skey.c
ar  r ../../libcrypto.a i_cbc.o i_cfb64.o i_ofb64.o i_ecb.o i_skey.o
/usr/bin/ranlib ../../libcrypto.a || echo Never mind.
make[2]: Leaving directory `/root/Desktop/openssl-0.9.8zg/crypto/idea'
making all in crypto/bf...
make[2]: Entering directory `/root/Desktop/openssl-0.9.8zg/crypto/bf'
cc -I.. -I../.. -I../../include -O   -c -o bf_skey.o bf_skey.c
cc -I.. -I../.. -I../../include -O   -c -o bf_ecb.o bf_ecb.c
cc -I.. -I../.. -I../../include -O   -c -o bf_enc.o bf_enc.c
cc -I.. -I../.. -I../../include -O   -c -o bf_cfb64.o bf_cfb64.c
cc -I.. -I../.. -I../../include -O   -c -o bf_ofb64.o bf_ofb64.c
ar  r ../../libcrypto.a bf_skey.o bf_ecb.o bf_enc.o bf_cfb64.o bf_ofb64.o
/usr/bin/ranlib ../../libcrypto.a || echo Never mind.
make[2]: Leaving directory `/root/Desktop/openssl-0.9.8zg/crypto/bf'
making all in crypto/cast...
make[2]: Entering directory `/root/Desktop/openssl-0.9.8zg/crypto/cast'
cc -I.. -I../.. -I../../include -O   -c -o c_skey.o c_skey.c
cc -I.. -I../.. -I../../include -O   -c -o c_ecb.o c_ecb.c
cc -I.. -I../.. -I../../include -O   -c -o c_enc.o c_enc.c
cc -I.. -I../.. -I../../include -O   -c -o c_cfb64.o c_cfb64.c
cc -I.. -I../.. -I../../include -O   -c -o c_ofb64.o c_ofb64.c
ar  r ../../libcrypto.a c_skey.o c_ecb.o c_enc.o c_cfb64.o c_ofb64.o
/usr/bin/ranlib ../../libcrypto.a || echo Never mind.
make[2]: Leaving directory `/root/Desktop/openssl-0.9.8zg/crypto/cast'
making all in crypto/bn...
make[2]: Entering directory `/root/Desktop/openssl-0.9.8zg/crypto/bn'
cc -I.. -I../.. -I../../include -O   -c -o bn_add.o bn_add.c
cc -I.. -I../.. -I../../include -O   -c -o bn_div.o bn_div.c
cc -I.. -I../.. -I../../include -O   -c -o bn_exp.o bn_exp.c
cc -I.. -I../.. -I../../include -O   -c -o bn_lib.o bn_lib.c
cc -I.. -I../.. -I../../include -O   -c -o bn_ctx.o bn_ctx.c
cc -I.. -I../.. -I../../include -O   -c -o bn_mul.o bn_mul.c
cc -I.. -I../.. -I../../include -O   -c -o bn_mod.o bn_mod.c
cc -I.. -I../.. -I../../include -O   -c -o bn_print.o bn_print.c
cc -I.. -I../.. -I../../include -O   -c -o bn_rand.o bn_rand.c
cc -I.. -I../.. -I../../include -O   -c -o bn_shift.o bn_shift.c
cc -I.. -I../.. -I../../include -O   -c -o bn_word.o bn_word.c
cc -I.. -I../.. -I../../include -O   -c -o bn_blind.o bn_blind.c
cc -I.. -I../.. -I../../include -O   -c -o bn_kron.o bn_kron.c
cc -I.. -I../.. -I../../include -O   -c -o bn_sqrt.o bn_sqrt.c
cc -I.. -I../.. -I../../include -O   -c -o bn_gcd.o bn_gcd.c
cc -I.. -I../.. -I../../include -O   -c -o bn_prime.o bn_prime.c
cc -I.. -I../.. -I../../include -O   -c -o bn_err.o bn_err.c
cc -I.. -I../.. -I../../include -O   -c -o bn_sqr.o bn_sqr.c
cc -I.. -I../.. -I../../include -O   -c -o bn_asm.o bn_asm.c
cc -I.. -I../.. -I../../include -O   -c -o bn_recp.o bn_recp.c
cc -I.. -I../.. -I../../include -O   -c -o bn_mont.o bn_mont.c
cc -I.. -I../.. -I../../include -O   -c -o bn_mpi.o bn_mpi.c
cc -I.. -I../.. -I../../include -O   -c -o bn_exp2.o bn_exp2.c
cc -I.. -I../.. -I../../include -O   -c -o bn_gf2m.o bn_gf2m.c
cc -I.. -I../.. -I../../include -O   -c -o bn_nist.o bn_nist.c
cc -I.. -I../.. -I../../include -O   -c -o bn_depr.o bn_depr.c
cc -I.. -I../.. -I../../include -O   -c -o bn_x931p.o bn_x931p.c
cc -I.. -I../.. -I../../include -O   -c -o bn_const.o bn_const.c
cc -I.. -I../.. -I../../include -O   -c -o bn_opt.o bn_opt.c
ar  r ../../libcrypto.a bn_add.o bn_div.o bn_exp.o bn_lib.o bn_ctx.o bn_mul.o bn_mod.o bn_print.o bn_rand.o bn_shift.o bn_word.o bn_blind.o bn_kron.o bn_sqrt.o bn_gcd.o bn_prime.o bn_err.o bn_sqr.o bn_asm.o bn_recp.o bn_mont.o bn_mpi.o bn_exp2.o bn_gf2m.o bn_nist.o bn_depr.o bn_x931p.o bn_const.o bn_opt.o
/usr/bin/ranlib ../../libcrypto.a || echo Never mind.
make[2]: Leaving directory `/root/Desktop/openssl-0.9.8zg/crypto/bn'
making all in crypto/ec...
make[2]: Entering directory `/root/Desktop/openssl-0.9.8zg/crypto/ec'
cc -I.. -I../.. -I../../include -O   -c -o ec_lib.o ec_lib.c
cc -I.. -I../.. -I../../include -O   -c -o ecp_smpl.o ecp_smpl.c
cc -I.. -I../.. -I../../include -O   -c -o ecp_mont.o ecp_mont.c
cc -I.. -I../.. -I../../include -O   -c -o ecp_nist.o ecp_nist.c
cc -I.. -I../.. -I../../include -O   -c -o ec_cvt.o ec_cvt.c
cc -I.. -I../.. -I../../include -O   -c -o ec_mult.o ec_mult.c
cc -I.. -I../.. -I../../include -O   -c -o ec_err.o ec_err.c
cc -I.. -I../.. -I../../include -O   -c -o ec_curve.o ec_curve.c
cc -I.. -I../.. -I../../include -O   -c -o ec_check.o ec_check.c
cc -I.. -I../.. -I../../include -O   -c -o ec_print.o ec_print.c
cc -I.. -I../.. -I../../include -O   -c -o ec_asn1.o ec_asn1.c
cc -I.. -I../.. -I../../include -O   -c -o ec_key.o ec_key.c
cc -I.. -I../.. -I../../include -O   -c -o ec2_smpl.o ec2_smpl.c
cc -I.. -I../.. -I../../include -O   -c -o ec2_mult.o ec2_mult.c
ar  r ../../libcrypto.a ec_lib.o ecp_smpl.o ecp_mont.o ecp_nist.o ec_cvt.o ec_mult.o ec_err.o ec_curve.o ec_check.o ec_print.o ec_asn1.o ec_key.o ec2_smpl.o ec2_mult.o
/usr/bin/ranlib ../../libcrypto.a || echo Never mind.
make[2]: Leaving directory `/root/Desktop/openssl-0.9.8zg/crypto/ec'
making all in crypto/rsa...
make[2]: Entering directory `/root/Desktop/openssl-0.9.8zg/crypto/rsa'
cc -I.. -I../.. -I../../include -O   -c -o rsa_eay.o rsa_eay.c
cc -I.. -I../.. -I../../include -O   -c -o rsa_gen.o rsa_gen.c
cc -I.. -I../.. -I../../include -O   -c -o rsa_lib.o rsa_lib.c
cc -I.. -I../.. -I../../include -O   -c -o rsa_sign.o rsa_sign.c
cc -I.. -I../.. -I../../include -O   -c -o rsa_saos.o rsa_saos.c
cc -I.. -I../.. -I../../include -O   -c -o rsa_err.o rsa_err.c
cc -I.. -I../.. -I../../include -O   -c -o rsa_pk1.o rsa_pk1.c
cc -I.. -I../.. -I../../include -O   -c -o rsa_ssl.o rsa_ssl.c
cc -I.. -I../.. -I../../include -O   -c -o rsa_none.o rsa_none.c
cc -I.. -I../.. -I../../include -O   -c -o rsa_oaep.o rsa_oaep.c
cc -I.. -I../.. -I../../include -O   -c -o rsa_chk.o rsa_chk.c
cc -I.. -I../.. -I../../include -O   -c -o rsa_null.o rsa_null.c
cc -I.. -I../.. -I../../include -O   -c -o rsa_pss.o rsa_pss.c
cc -I.. -I../.. -I../../include -O   -c -o rsa_x931.o rsa_x931.c
cc -I.. -I../.. -I../../include -O   -c -o rsa_x931g.o rsa_x931g.c
cc -I.. -I../.. -I../../include -O   -c -o rsa_asn1.o rsa_asn1.c
cc -I.. -I../.. -I../../include -O   -c -o rsa_depr.o rsa_depr.c
cc -I.. -I../.. -I../../include -O   -c -o rsa_eng.o rsa_eng.c
ar  r ../../libcrypto.a rsa_eay.o rsa_gen.o rsa_lib.o rsa_sign.o rsa_saos.o rsa_err.o rsa_pk1.o rsa_ssl.o rsa_none.o rsa_oaep.o rsa_chk.o rsa_null.o rsa_pss.o rsa_x931.o rsa_x931g.o rsa_asn1.o rsa_depr.o rsa_eng.o
/usr/bin/ranlib ../../libcrypto.a || echo Never mind.
make[2]: Leaving directory `/root/Desktop/openssl-0.9.8zg/crypto/rsa'
making all in crypto/dsa...
make[2]: Entering directory `/root/Desktop/openssl-0.9.8zg/crypto/dsa'
cc -I.. -I../.. -I../../include -O   -c -o dsa_gen.o dsa_gen.c
cc -I.. -I../.. -I../../include -O   -c -o dsa_key.o dsa_key.c
cc -I.. -I../.. -I../../include -O   -c -o dsa_lib.o dsa_lib.c
cc -I.. -I../.. -I../../include -O   -c -o dsa_asn1.o dsa_asn1.c
cc -I.. -I../.. -I../../include -O   -c -o dsa_vrf.o dsa_vrf.c
cc -I.. -I../.. -I../../include -O   -c -o dsa_sign.o dsa_sign.c
cc -I.. -I../.. -I../../include -O   -c -o dsa_err.o dsa_err.c
cc -I.. -I../.. -I../../include -O   -c -o dsa_ossl.o dsa_ossl.c
cc -I.. -I../.. -I../../include -O   -c -o dsa_depr.o dsa_depr.c
cc -I.. -I../.. -I../../include -O   -c -o dsa_utl.o dsa_utl.c
ar  r ../../libcrypto.a dsa_gen.o dsa_key.o dsa_lib.o dsa_asn1.o dsa_vrf.o dsa_sign.o dsa_err.o dsa_ossl.o dsa_depr.o dsa_utl.o
/usr/bin/ranlib ../../libcrypto.a || echo Never mind.
make[2]: Leaving directory `/root/Desktop/openssl-0.9.8zg/crypto/dsa'
making all in crypto/ecdsa...
make[2]: Entering directory `/root/Desktop/openssl-0.9.8zg/crypto/ecdsa'
cc -I.. -I../.. -I../../include -O   -c -o ecs_lib.o ecs_lib.c
cc -I.. -I../.. -I../../include -O   -c -o ecs_asn1.o ecs_asn1.c
cc -I.. -I../.. -I../../include -O   -c -o ecs_ossl.o ecs_ossl.c
cc -I.. -I../.. -I../../include -O   -c -o ecs_sign.o ecs_sign.c
cc -I.. -I../.. -I../../include -O   -c -o ecs_vrf.o ecs_vrf.c
cc -I.. -I../.. -I../../include -O   -c -o ecs_err.o ecs_err.c
ar  r ../../libcrypto.a ecs_lib.o ecs_asn1.o ecs_ossl.o ecs_sign.o ecs_vrf.o ecs_err.o
/usr/bin/ranlib ../../libcrypto.a || echo Never mind.
make[2]: Leaving directory `/root/Desktop/openssl-0.9.8zg/crypto/ecdsa'
making all in crypto/dh...
make[2]: Entering directory `/root/Desktop/openssl-0.9.8zg/crypto/dh'
cc -I.. -I../.. -I../../include -O   -c -o dh_asn1.o dh_asn1.c
cc -I.. -I../.. -I../../include -O   -c -o dh_gen.o dh_gen.c
cc -I.. -I../.. -I../../include -O   -c -o dh_key.o dh_key.c
cc -I.. -I../.. -I../../include -O   -c -o dh_lib.o dh_lib.c
cc -I.. -I../.. -I../../include -O   -c -o dh_check.o dh_check.c
cc -I.. -I../.. -I../../include -O   -c -o dh_err.o dh_err.c
cc -I.. -I../.. -I../../include -O   -c -o dh_depr.o dh_depr.c
ar  r ../../libcrypto.a dh_asn1.o dh_gen.o dh_key.o dh_lib.o dh_check.o dh_err.o dh_depr.o
/usr/bin/ranlib ../../libcrypto.a || echo Never mind.
make[2]: Leaving directory `/root/Desktop/openssl-0.9.8zg/crypto/dh'
making all in crypto/ecdh...
make[2]: Entering directory `/root/Desktop/openssl-0.9.8zg/crypto/ecdh'
cc -I.. -I../.. -I../../include -O   -c -o ech_lib.o ech_lib.c
cc -I.. -I../.. -I../../include -O   -c -o ech_ossl.o ech_ossl.c
cc -I.. -I../.. -I../../include -O   -c -o ech_key.o ech_key.c
cc -I.. -I../.. -I../../include -O   -c -o ech_err.o ech_err.c
ar  r ../../libcrypto.a ech_lib.o ech_ossl.o ech_key.o ech_err.o
/usr/bin/ranlib ../../libcrypto.a || echo Never mind.
make[2]: Leaving directory `/root/Desktop/openssl-0.9.8zg/crypto/ecdh'
making all in crypto/dso...
make[2]: Entering directory `/root/Desktop/openssl-0.9.8zg/crypto/dso'
cc -I.. -I../.. -I../../include -O   -c -o dso_dl.o dso_dl.c
cc -I.. -I../.. -I../../include -O   -c -o dso_dlfcn.o dso_dlfcn.c
cc -I.. -I../.. -I../../include -O   -c -o dso_err.o dso_err.c
cc -I.. -I../.. -I../../include -O   -c -o dso_lib.o dso_lib.c
cc -I.. -I../.. -I../../include -O   -c -o dso_null.o dso_null.c
cc -I.. -I../.. -I../../include -O   -c -o dso_openssl.o dso_openssl.c
cc -I.. -I../.. -I../../include -O   -c -o dso_win32.o dso_win32.c
cc -I.. -I../.. -I../../include -O   -c -o dso_vms.o dso_vms.c
ar  r ../../libcrypto.a dso_dl.o dso_dlfcn.o dso_err.o dso_lib.o dso_null.o dso_openssl.o dso_win32.o dso_vms.o
/usr/bin/ranlib ../../libcrypto.a || echo Never mind.
make[2]: Leaving directory `/root/Desktop/openssl-0.9.8zg/crypto/dso'
making all in crypto/engine...
make[2]: Entering directory `/root/Desktop/openssl-0.9.8zg/crypto/engine'
cc -I.. -I../.. -I../../include -O   -c -o eng_err.o eng_err.c
cc -I.. -I../.. -I../../include -O   -c -o eng_lib.o eng_lib.c
cc -I.. -I../.. -I../../include -O   -c -o eng_list.o eng_list.c
cc -I.. -I../.. -I../../include -O   -c -o eng_init.o eng_init.c
cc -I.. -I../.. -I../../include -O   -c -o eng_ctrl.o eng_ctrl.c
cc -I.. -I../.. -I../../include -O   -c -o eng_table.o eng_table.c
cc -I.. -I../.. -I../../include -O   -c -o eng_pkey.o eng_pkey.c
cc -I.. -I../.. -I../../include -O   -c -o eng_fat.o eng_fat.c
cc -I.. -I../.. -I../../include -O   -c -o eng_all.o eng_all.c
cc -I.. -I../.. -I../../include -O   -c -o tb_rsa.o tb_rsa.c
cc -I.. -I../.. -I../../include -O   -c -o tb_dsa.o tb_dsa.c
cc -I.. -I../.. -I../../include -O   -c -o tb_ecdsa.o tb_ecdsa.c
cc -I.. -I../.. -I../../include -O   -c -o tb_dh.o tb_dh.c
cc -I.. -I../.. -I../../include -O   -c -o tb_ecdh.o tb_ecdh.c
cc -I.. -I../.. -I../../include -O   -c -o tb_rand.o tb_rand.c
cc -I.. -I../.. -I../../include -O   -c -o tb_store.o tb_store.c
cc -I.. -I../.. -I../../include -O   -c -o tb_cipher.o tb_cipher.c
cc -I.. -I../.. -I../../include -O   -c -o tb_digest.o tb_digest.c
cc -I.. -I../.. -I../../include -O   -c -o eng_openssl.o eng_openssl.c
cc -I.. -I../.. -I../../include -O   -c -o eng_cnf.o eng_cnf.c
cc -I.. -I../.. -I../../include -O   -c -o eng_dyn.o eng_dyn.c
cc -I.. -I../.. -I../../include -O   -c -o eng_cryptodev.o eng_cryptodev.c
cc -I.. -I../.. -I../../include -O   -c -o eng_padlock.o eng_padlock.c
ar  r ../../libcrypto.a eng_err.o eng_lib.o eng_list.o eng_init.o eng_ctrl.o eng_table.o eng_pkey.o eng_fat.o eng_all.o tb_rsa.o tb_dsa.o tb_ecdsa.o tb_dh.o tb_ecdh.o tb_rand.o tb_store.o tb_cipher.o tb_digest.o eng_openssl.o eng_cnf.o eng_dyn.o eng_cryptodev.o eng_padlock.o
/usr/bin/ranlib ../../libcrypto.a || echo Never mind.
make[2]: Leaving directory `/root/Desktop/openssl-0.9.8zg/crypto/engine'
making all in crypto/buffer...
make[2]: Entering directory `/root/Desktop/openssl-0.9.8zg/crypto/buffer'
cc -I.. -I../.. -I../../include -O   -c -o buffer.o buffer.c
cc -I.. -I../.. -I../../include -O   -c -o buf_str.o buf_str.c
cc -I.. -I../.. -I../../include -O   -c -o buf_err.o buf_err.c
ar  r ../../libcrypto.a buffer.o buf_str.o buf_err.o
/usr/bin/ranlib ../../libcrypto.a || echo Never mind.
make[2]: Leaving directory `/root/Desktop/openssl-0.9.8zg/crypto/buffer'
making all in crypto/bio...
make[2]: Entering directory `/root/Desktop/openssl-0.9.8zg/crypto/bio'
cc -I.. -I../.. -I../../include -O   -c -o bio_lib.o bio_lib.c
cc -I.. -I../.. -I../../include -O   -c -o bio_cb.o bio_cb.c
cc -I.. -I../.. -I../../include -O   -c -o bio_err.o bio_err.c
cc -I.. -I../.. -I../../include -O   -c -o bss_mem.o bss_mem.c
cc -I.. -I../.. -I../../include -O   -c -o bss_null.o bss_null.c
cc -I.. -I../.. -I../../include -O   -c -o bss_fd.o bss_fd.c
cc -I.. -I../.. -I../../include -O   -c -o bss_file.o bss_file.c
cc -I.. -I../.. -I../../include -O   -c -o bss_sock.o bss_sock.c
cc -I.. -I../.. -I../../include -O   -c -o bss_conn.o bss_conn.c
cc -I.. -I../.. -I../../include -O   -c -o bf_null.o bf_null.c
cc -I.. -I../.. -I../../include -O   -c -o bf_buff.o bf_buff.c
cc -I.. -I../.. -I../../include -O   -c -o b_print.o b_print.c
cc -I.. -I../.. -I../../include -O   -c -o b_dump.o b_dump.c
cc -I.. -I../.. -I../../include -O   -c -o b_sock.o b_sock.c
cc -I.. -I../.. -I../../include -O   -c -o bss_acpt.o bss_acpt.c
cc -I.. -I../.. -I../../include -O   -c -o bf_nbio.o bf_nbio.c
cc -I.. -I../.. -I../../include -O   -c -o bss_log.o bss_log.c
cc -I.. -I../.. -I../../include -O   -c -o bss_bio.o bss_bio.c
cc -I.. -I../.. -I../../include -O   -c -o bss_dgram.o bss_dgram.c
ar  r ../../libcrypto.a bio_lib.o bio_cb.o bio_err.o bss_mem.o bss_null.o bss_fd.o bss_file.o bss_sock.o bss_conn.o bf_null.o bf_buff.o b_print.o b_dump.o b_sock.o bss_acpt.o bf_nbio.o bss_log.o bss_bio.o bss_dgram.o
/usr/bin/ranlib ../../libcrypto.a || echo Never mind.
make[2]: Leaving directory `/root/Desktop/openssl-0.9.8zg/crypto/bio'
making all in crypto/stack...
make[2]: Entering directory `/root/Desktop/openssl-0.9.8zg/crypto/stack'
cc -I.. -I../.. -I../../include -O   -c -o stack.o stack.c
ar  r ../../libcrypto.a stack.o
/usr/bin/ranlib ../../libcrypto.a || echo Never mind.
make[2]: Leaving directory `/root/Desktop/openssl-0.9.8zg/crypto/stack'
making all in crypto/lhash...
make[2]: Entering directory `/root/Desktop/openssl-0.9.8zg/crypto/lhash'
cc -I.. -I../.. -I../../include -O   -c -o lhash.o lhash.c
cc -I.. -I../.. -I../../include -O   -c -o lh_stats.o lh_stats.c
ar  r ../../libcrypto.a lhash.o lh_stats.o
/usr/bin/ranlib ../../libcrypto.a || echo Never mind.
make[2]: Leaving directory `/root/Desktop/openssl-0.9.8zg/crypto/lhash'
making all in crypto/rand...
make[2]: Entering directory `/root/Desktop/openssl-0.9.8zg/crypto/rand'
cc -I.. -I../.. -I../../include -O   -c -o md_rand.o md_rand.c
cc -I.. -I../.. -I../../include -O   -c -o randfile.o randfile.c
cc -I.. -I../.. -I../../include -O   -c -o rand_lib.o rand_lib.c
cc -I.. -I../.. -I../../include -O   -c -o rand_eng.o rand_eng.c
cc -I.. -I../.. -I../../include -O   -c -o rand_err.o rand_err.c
cc -I.. -I../.. -I../../include -O   -c -o rand_egd.o rand_egd.c
cc -I.. -I../.. -I../../include -O   -c -o rand_win.o rand_win.c
cc -I.. -I../.. -I../../include -O   -c -o rand_unix.o rand_unix.c
cc -I.. -I../.. -I../../include -O   -c -o rand_os2.o rand_os2.c
cc -I.. -I../.. -I../../include -O   -c -o rand_nw.o rand_nw.c
ar  r ../../libcrypto.a md_rand.o randfile.o rand_lib.o rand_eng.o rand_err.o rand_egd.o rand_win.o rand_unix.o rand_os2.o rand_nw.o
/usr/bin/ranlib ../../libcrypto.a || echo Never mind.
make[2]: Leaving directory `/root/Desktop/openssl-0.9.8zg/crypto/rand'
making all in crypto/err...
make[2]: Entering directory `/root/Desktop/openssl-0.9.8zg/crypto/err'
cc -I.. -I../.. -I../../include -O   -c -o err.o err.c
cc -I.. -I../.. -I../../include -O   -c -o err_def.o err_def.c
cc -I.. -I../.. -I../../include -O   -c -o err_all.o err_all.c
cc -I.. -I../.. -I../../include -O   -c -o err_prn.o err_prn.c
cc -I.. -I../.. -I../../include -O   -c -o err_str.o err_str.c
cc -I.. -I../.. -I../../include -O   -c -o err_bio.o err_bio.c
ar  r ../../libcrypto.a err.o err_def.o err_all.o err_prn.o err_str.o err_bio.o
/usr/bin/ranlib ../../libcrypto.a || echo Never mind.
make[2]: Leaving directory `/root/Desktop/openssl-0.9.8zg/crypto/err'
making all in crypto/evp...
make[2]: Entering directory `/root/Desktop/openssl-0.9.8zg/crypto/evp'
cc -I.. -I../.. -I../../include -O   -c -o encode.o encode.c
cc -I.. -I../.. -I../../include -O   -c -o digest.o digest.c
cc -I.. -I../.. -I../../include -O   -c -o dig_eng.o dig_eng.c
cc -I.. -I../.. -I../../include -O   -c -o evp_enc.o evp_enc.c
cc -I.. -I../.. -I../../include -O   -c -o evp_key.o evp_key.c
cc -I.. -I../.. -I../../include -O   -c -o evp_acnf.o evp_acnf.c
cc -I.. -I../.. -I../../include -O   -c -o evp_cnf.o evp_cnf.c
cc -I.. -I../.. -I../../include -O   -c -o e_des.o e_des.c
cc -I.. -I../.. -I../../include -O   -c -o e_bf.o e_bf.c
cc -I.. -I../.. -I../../include -O   -c -o e_idea.o e_idea.c
cc -I.. -I../.. -I../../include -O   -c -o e_des3.o e_des3.c
cc -I.. -I../.. -I../../include -O   -c -o e_camellia.o e_camellia.c
cc -I.. -I../.. -I../../include -O   -c -o e_rc4.o e_rc4.c
cc -I.. -I../.. -I../../include -O   -c -o e_aes.o e_aes.c
cc -I.. -I../.. -I../../include -O   -c -o names.o names.c
cc -I.. -I../.. -I../../include -O   -c -o e_seed.o e_seed.c
cc -I.. -I../.. -I../../include -O   -c -o e_xcbc_d.o e_xcbc_d.c
cc -I.. -I../.. -I../../include -O   -c -o e_rc2.o e_rc2.c
cc -I.. -I../.. -I../../include -O   -c -o e_cast.o e_cast.c
cc -I.. -I../.. -I../../include -O   -c -o e_rc5.o e_rc5.c
cc -I.. -I../.. -I../../include -O   -c -o enc_min.o enc_min.c
cc -I.. -I../.. -I../../include -O   -c -o m_null.o m_null.c
cc -I.. -I../.. -I../../include -O   -c -o m_md2.o m_md2.c
cc -I.. -I../.. -I../../include -O   -c -o m_md4.o m_md4.c
cc -I.. -I../.. -I../../include -O   -c -o m_md5.o m_md5.c
cc -I.. -I../.. -I../../include -O   -c -o m_sha.o m_sha.c
cc -I.. -I../.. -I../../include -O   -c -o m_sha1.o m_sha1.c
cc -I.. -I../.. -I../../include -O   -c -o m_dss.o m_dss.c
cc -I.. -I../.. -I../../include -O   -c -o m_dss1.o m_dss1.c
cc -I.. -I../.. -I../../include -O   -c -o m_mdc2.o m_mdc2.c
cc -I.. -I../.. -I../../include -O   -c -o m_ripemd.o m_ripemd.c
cc -I.. -I../.. -I../../include -O   -c -o m_ecdsa.o m_ecdsa.c
cc -I.. -I../.. -I../../include -O   -c -o p_open.o p_open.c
cc -I.. -I../.. -I../../include -O   -c -o p_seal.o p_seal.c
cc -I.. -I../.. -I../../include -O   -c -o p_sign.o p_sign.c
cc -I.. -I../.. -I../../include -O   -c -o p_verify.o p_verify.c
cc -I.. -I../.. -I../../include -O   -c -o p_lib.o p_lib.c
cc -I.. -I../.. -I../../include -O   -c -o p_enc.o p_enc.c
cc -I.. -I../.. -I../../include -O   -c -o p_dec.o p_dec.c
cc -I.. -I../.. -I../../include -O   -c -o bio_md.o bio_md.c
cc -I.. -I../.. -I../../include -O   -c -o bio_b64.o bio_b64.c
cc -I.. -I../.. -I../../include -O   -c -o bio_enc.o bio_enc.c
cc -I.. -I../.. -I../../include -O   -c -o evp_err.o evp_err.c
cc -I.. -I../.. -I../../include -O   -c -o e_null.o e_null.c
cc -I.. -I../.. -I../../include -O   -c -o c_all.o c_all.c
cc -I.. -I../.. -I../../include -O   -c -o c_allc.o c_allc.c
cc -I.. -I../.. -I../../include -O   -c -o c_alld.o c_alld.c
cc -I.. -I../.. -I../../include -O   -c -o evp_lib.o evp_lib.c
cc -I.. -I../.. -I../../include -O   -c -o bio_ok.o bio_ok.c
cc -I.. -I../.. -I../../include -O   -c -o evp_pkey.o evp_pkey.c
cc -I.. -I../.. -I../../include -O   -c -o evp_pbe.o evp_pbe.c
cc -I.. -I../.. -I../../include -O   -c -o p5_crpt.o p5_crpt.c
cc -I.. -I../.. -I../../include -O   -c -o p5_crpt2.o p5_crpt2.c
cc -I.. -I../.. -I../../include -O   -c -o e_old.o e_old.c
ar  r ../../libcrypto.a encode.o digest.o dig_eng.o evp_enc.o evp_key.o evp_acnf.o evp_cnf.o e_des.o e_bf.o e_idea.o e_des3.o e_camellia.o e_rc4.o e_aes.o names.o e_seed.o e_xcbc_d.o e_rc2.o e_cast.o e_rc5.o enc_min.o m_null.o m_md2.o m_md4.o m_md5.o m_sha.o m_sha1.o m_dss.o m_dss1.o m_mdc2.o m_ripemd.o m_ecdsa.o p_open.o p_seal.o p_sign.o p_verify.o p_lib.o p_enc.o p_dec.o bio_md.o bio_b64.o bio_enc.o evp_err.o e_null.o c_all.o c_allc.o c_alld.o evp_lib.o bio_ok.o evp_pkey.o evp_pbe.o p5_crpt.o p5_crpt2.o e_old.o
/usr/bin/ranlib ../../libcrypto.a || echo Never mind.
make[2]: Leaving directory `/root/Desktop/openssl-0.9.8zg/crypto/evp'
making all in crypto/asn1...
make[2]: Entering directory `/root/Desktop/openssl-0.9.8zg/crypto/asn1'
cc -I.. -I../.. -I../../include -O   -c -o a_object.o a_object.c
cc -I.. -I../.. -I../../include -O   -c -o a_bitstr.o a_bitstr.c
cc -I.. -I../.. -I../../include -O   -c -o a_utctm.o a_utctm.c
cc -I.. -I../.. -I../../include -O   -c -o a_gentm.o a_gentm.c
cc -I.. -I../.. -I../../include -O   -c -o a_time.o a_time.c
cc -I.. -I../.. -I../../include -O   -c -o a_int.o a_int.c
cc -I.. -I../.. -I../../include -O   -c -o a_octet.o a_octet.c
cc -I.. -I../.. -I../../include -O   -c -o a_print.o a_print.c
cc -I.. -I../.. -I../../include -O   -c -o a_type.o a_type.c
cc -I.. -I../.. -I../../include -O   -c -o a_set.o a_set.c
cc -I.. -I../.. -I../../include -O   -c -o a_dup.o a_dup.c
cc -I.. -I../.. -I../../include -O   -c -o a_d2i_fp.o a_d2i_fp.c
cc -I.. -I../.. -I../../include -O   -c -o a_i2d_fp.o a_i2d_fp.c
cc -I.. -I../.. -I../../include -O   -c -o a_enum.o a_enum.c
cc -I.. -I../.. -I../../include -O   -c -o a_utf8.o a_utf8.c
cc -I.. -I../.. -I../../include -O   -c -o a_sign.o a_sign.c
cc -I.. -I../.. -I../../include -O   -c -o a_digest.o a_digest.c
cc -I.. -I../.. -I../../include -O   -c -o a_verify.o a_verify.c
cc -I.. -I../.. -I../../include -O   -c -o a_mbstr.o a_mbstr.c
cc -I.. -I../.. -I../../include -O   -c -o a_strex.o a_strex.c
cc -I.. -I../.. -I../../include -O   -c -o x_algor.o x_algor.c
cc -I.. -I../.. -I../../include -O   -c -o x_val.o x_val.c
cc -I.. -I../.. -I../../include -O   -c -o x_pubkey.o x_pubkey.c
cc -I.. -I../.. -I../../include -O   -c -o x_sig.o x_sig.c
cc -I.. -I../.. -I../../include -O   -c -o x_req.o x_req.c
cc -I.. -I../.. -I../../include -O   -c -o x_attrib.o x_attrib.c
cc -I.. -I../.. -I../../include -O   -c -o x_bignum.o x_bignum.c
cc -I.. -I../.. -I../../include -O   -c -o x_long.o x_long.c
cc -I.. -I../.. -I../../include -O   -c -o x_name.o x_name.c
cc -I.. -I../.. -I../../include -O   -c -o x_x509.o x_x509.c
cc -I.. -I../.. -I../../include -O   -c -o x_x509a.o x_x509a.c
cc -I.. -I../.. -I../../include -O   -c -o x_crl.o x_crl.c
cc -I.. -I../.. -I../../include -O   -c -o x_info.o x_info.c
cc -I.. -I../.. -I../../include -O   -c -o x_spki.o x_spki.c
cc -I.. -I../.. -I../../include -O   -c -o nsseq.o nsseq.c
cc -I.. -I../.. -I../../include -O   -c -o d2i_pu.o d2i_pu.c
cc -I.. -I../.. -I../../include -O   -c -o d2i_pr.o d2i_pr.c
cc -I.. -I../.. -I../../include -O   -c -o i2d_pu.o i2d_pu.c
cc -I.. -I../.. -I../../include -O   -c -o i2d_pr.o i2d_pr.c
cc -I.. -I../.. -I../../include -O   -c -o t_req.o t_req.c
cc -I.. -I../.. -I../../include -O   -c -o t_x509.o t_x509.c
cc -I.. -I../.. -I../../include -O   -c -o t_x509a.o t_x509a.c
cc -I.. -I../.. -I../../include -O   -c -o t_crl.o t_crl.c
cc -I.. -I../.. -I../../include -O   -c -o t_pkey.o t_pkey.c
cc -I.. -I../.. -I../../include -O   -c -o t_spki.o t_spki.c
cc -I.. -I../.. -I../../include -O   -c -o t_bitst.o t_bitst.c
cc -I.. -I../.. -I../../include -O   -c -o tasn_new.o tasn_new.c
cc -I.. -I../.. -I../../include -O   -c -o tasn_fre.o tasn_fre.c
cc -I.. -I../.. -I../../include -O   -c -o tasn_enc.o tasn_enc.c
cc -I.. -I../.. -I../../include -O   -c -o tasn_dec.o tasn_dec.c
cc -I.. -I../.. -I../../include -O   -c -o tasn_utl.o tasn_utl.c
cc -I.. -I../.. -I../../include -O   -c -o tasn_typ.o tasn_typ.c
cc -I.. -I../.. -I../../include -O   -c -o f_int.o f_int.c
cc -I.. -I../.. -I../../include -O   -c -o f_string.o f_string.c
cc -I.. -I../.. -I../../include -O   -c -o n_pkey.o n_pkey.c
cc -I.. -I../.. -I../../include -O   -c -o f_enum.o f_enum.c
cc -I.. -I../.. -I../../include -O   -c -o a_hdr.o a_hdr.c
cc -I.. -I../.. -I../../include -O   -c -o x_pkey.o x_pkey.c
cc -I.. -I../.. -I../../include -O   -c -o a_bool.o a_bool.c
cc -I.. -I../.. -I../../include -O   -c -o x_exten.o x_exten.c
cc -I.. -I../.. -I../../include -O   -c -o asn_mime.o asn_mime.c
cc -I.. -I../.. -I../../include -O   -c -o asn1_gen.o asn1_gen.c
cc -I.. -I../.. -I../../include -O   -c -o asn1_par.o asn1_par.c
cc -I.. -I../.. -I../../include -O   -c -o asn1_lib.o asn1_lib.c
cc -I.. -I../.. -I../../include -O   -c -o asn1_err.o asn1_err.c
cc -I.. -I../.. -I../../include -O   -c -o a_meth.o a_meth.c
cc -I.. -I../.. -I../../include -O   -c -o a_bytes.o a_bytes.c
cc -I.. -I../.. -I../../include -O   -c -o a_strnid.o a_strnid.c
cc -I.. -I../.. -I../../include -O   -c -o evp_asn1.o evp_asn1.c
cc -I.. -I../.. -I../../include -O   -c -o asn_pack.o asn_pack.c
cc -I.. -I../.. -I../../include -O   -c -o p5_pbe.o p5_pbe.c
cc -I.. -I../.. -I../../include -O   -c -o p5_pbev2.o p5_pbev2.c
cc -I.. -I../.. -I../../include -O   -c -o p8_pkey.o p8_pkey.c
cc -I.. -I../.. -I../../include -O   -c -o asn_moid.o asn_moid.c
ar  r ../../libcrypto.a a_object.o a_bitstr.o a_utctm.o a_gentm.o a_time.o a_int.o a_octet.o a_print.o a_type.o a_set.o a_dup.o a_d2i_fp.o a_i2d_fp.o a_enum.o a_utf8.o a_sign.o a_digest.o a_verify.o a_mbstr.o a_strex.o x_algor.o x_val.o x_pubkey.o x_sig.o x_req.o x_attrib.o x_bignum.o x_long.o x_name.o x_x509.o x_x509a.o x_crl.o x_info.o x_spki.o nsseq.o d2i_pu.o d2i_pr.o i2d_pu.o i2d_pr.o t_req.o t_x509.o t_x509a.o t_crl.o t_pkey.o t_spki.o t_bitst.o tasn_new.o tasn_fre.o tasn_enc.o tasn_dec.o tasn_utl.o tasn_typ.o f_int.o f_string.o n_pkey.o f_enum.o a_hdr.o x_pkey.o a_bool.o x_exten.o asn_mime.o asn1_gen.o asn1_par.o asn1_lib.o asn1_err.o a_meth.o a_bytes.o a_strnid.o evp_asn1.o asn_pack.o p5_pbe.o p5_pbev2.o p8_pkey.o asn_moid.o
/usr/bin/ranlib ../../libcrypto.a || echo Never mind.
make[2]: Leaving directory `/root/Desktop/openssl-0.9.8zg/crypto/asn1'
making all in crypto/pem...
make[2]: Entering directory `/root/Desktop/openssl-0.9.8zg/crypto/pem'
cc -I.. -I../.. -I../../include -O   -c -o pem_sign.o pem_sign.c
cc -I.. -I../.. -I../../include -O   -c -o pem_seal.o pem_seal.c
cc -I.. -I../.. -I../../include -O   -c -o pem_info.o pem_info.c
cc -I.. -I../.. -I../../include -O   -c -o pem_lib.o pem_lib.c
cc -I.. -I../.. -I../../include -O   -c -o pem_all.o pem_all.c
cc -I.. -I../.. -I../../include -O   -c -o pem_err.o pem_err.c
cc -I.. -I../.. -I../../include -O   -c -o pem_x509.o pem_x509.c
cc -I.. -I../.. -I../../include -O   -c -o pem_xaux.o pem_xaux.c
cc -I.. -I../.. -I../../include -O   -c -o pem_oth.o pem_oth.c
cc -I.. -I../.. -I../../include -O   -c -o pem_pk8.o pem_pk8.c
cc -I.. -I../.. -I../../include -O   -c -o pem_pkey.o pem_pkey.c
ar  r ../../libcrypto.a pem_sign.o pem_seal.o pem_info.o pem_lib.o pem_all.o pem_err.o pem_x509.o pem_xaux.o pem_oth.o pem_pk8.o pem_pkey.o
/usr/bin/ranlib ../../libcrypto.a || echo Never mind.
make[2]: Leaving directory `/root/Desktop/openssl-0.9.8zg/crypto/pem'
making all in crypto/x509...
make[2]: Entering directory `/root/Desktop/openssl-0.9.8zg/crypto/x509'
cc -I.. -I../.. -I../../include -O   -c -o x509_def.o x509_def.c
cc -I.. -I../.. -I../../include -O   -c -o x509_d2.o x509_d2.c
cc -I.. -I../.. -I../../include -O   -c -o x509_r2x.o x509_r2x.c
cc -I.. -I../.. -I../../include -O   -c -o x509_cmp.o x509_cmp.c
cc -I.. -I../.. -I../../include -O   -c -o x509_obj.o x509_obj.c
cc -I.. -I../.. -I../../include -O   -c -o x509_req.o x509_req.c
cc -I.. -I../.. -I../../include -O   -c -o x509spki.o x509spki.c
cc -I.. -I../.. -I../../include -O   -c -o x509_vfy.o x509_vfy.c
cc -I.. -I../.. -I../../include -O   -c -o x509_set.o x509_set.c
cc -I.. -I../.. -I../../include -O   -c -o x509cset.o x509cset.c
cc -I.. -I../.. -I../../include -O   -c -o x509rset.o x509rset.c
cc -I.. -I../.. -I../../include -O   -c -o x509_err.o x509_err.c
cc -I.. -I../.. -I../../include -O   -c -o x509name.o x509name.c
cc -I.. -I../.. -I../../include -O   -c -o x509_v3.o x509_v3.c
cc -I.. -I../.. -I../../include -O   -c -o x509_ext.o x509_ext.c
cc -I.. -I../.. -I../../include -O   -c -o x509_att.o x509_att.c
cc -I.. -I../.. -I../../include -O   -c -o x509type.o x509type.c
cc -I.. -I../.. -I../../include -O   -c -o x509_lu.o x509_lu.c
cc -I.. -I../.. -I../../include -O   -c -o x_all.o x_all.c
cc -I.. -I../.. -I../../include -O   -c -o x509_txt.o x509_txt.c
cc -I.. -I../.. -I../../include -O   -c -o x509_trs.o x509_trs.c
cc -I.. -I../.. -I../../include -O   -c -o by_file.o by_file.c
cc -I.. -I../.. -I../../include -O   -c -o by_dir.o by_dir.c
cc -I.. -I../.. -I../../include -O   -c -o x509_vpm.o x509_vpm.c
ar  r ../../libcrypto.a x509_def.o x509_d2.o x509_r2x.o x509_cmp.o x509_obj.o x509_req.o x509spki.o x509_vfy.o x509_set.o x509cset.o x509rset.o x509_err.o x509name.o x509_v3.o x509_ext.o x509_att.o x509type.o x509_lu.o x_all.o x509_txt.o x509_trs.o by_file.o by_dir.o x509_vpm.o
/usr/bin/ranlib ../../libcrypto.a || echo Never mind.
make[2]: Leaving directory `/root/Desktop/openssl-0.9.8zg/crypto/x509'
making all in crypto/x509v3...
make[2]: Entering directory `/root/Desktop/openssl-0.9.8zg/crypto/x509v3'
cc -I.. -I../.. -I../../include -O   -c -o v3_bcons.o v3_bcons.c
cc -I.. -I../.. -I../../include -O   -c -o v3_bitst.o v3_bitst.c
cc -I.. -I../.. -I../../include -O   -c -o v3_conf.o v3_conf.c
cc -I.. -I../.. -I../../include -O   -c -o v3_extku.o v3_extku.c
cc -I.. -I../.. -I../../include -O   -c -o v3_ia5.o v3_ia5.c
cc -I.. -I../.. -I../../include -O   -c -o v3_lib.o v3_lib.c
cc -I.. -I../.. -I../../include -O   -c -o v3_prn.o v3_prn.c
cc -I.. -I../.. -I../../include -O   -c -o v3_utl.o v3_utl.c
cc -I.. -I../.. -I../../include -O   -c -o v3err.o v3err.c
cc -I.. -I../.. -I../../include -O   -c -o v3_genn.o v3_genn.c
cc -I.. -I../.. -I../../include -O   -c -o v3_alt.o v3_alt.c
cc -I.. -I../.. -I../../include -O   -c -o v3_skey.o v3_skey.c
cc -I.. -I../.. -I../../include -O   -c -o v3_akey.o v3_akey.c
cc -I.. -I../.. -I../../include -O   -c -o v3_pku.o v3_pku.c
cc -I.. -I../.. -I../../include -O   -c -o v3_int.o v3_int.c
cc -I.. -I../.. -I../../include -O   -c -o v3_enum.o v3_enum.c
cc -I.. -I../.. -I../../include -O   -c -o v3_sxnet.o v3_sxnet.c
cc -I.. -I../.. -I../../include -O   -c -o v3_cpols.o v3_cpols.c
cc -I.. -I../.. -I../../include -O   -c -o v3_crld.o v3_crld.c
cc -I.. -I../.. -I../../include -O   -c -o v3_purp.o v3_purp.c
cc -I.. -I../.. -I../../include -O   -c -o v3_info.o v3_info.c
cc -I.. -I../.. -I../../include -O   -c -o v3_ocsp.o v3_ocsp.c
cc -I.. -I../.. -I../../include -O   -c -o v3_akeya.o v3_akeya.c
cc -I.. -I../.. -I../../include -O   -c -o v3_pmaps.o v3_pmaps.c
cc -I.. -I../.. -I../../include -O   -c -o v3_pcons.o v3_pcons.c
cc -I.. -I../.. -I../../include -O   -c -o v3_ncons.o v3_ncons.c
cc -I.. -I../.. -I../../include -O   -c -o v3_pcia.o v3_pcia.c
cc -I.. -I../.. -I../../include -O   -c -o v3_pci.o v3_pci.c
cc -I.. -I../.. -I../../include -O   -c -o pcy_cache.o pcy_cache.c
cc -I.. -I../.. -I../../include -O   -c -o pcy_node.o pcy_node.c
cc -I.. -I../.. -I../../include -O   -c -o pcy_data.o pcy_data.c
cc -I.. -I../.. -I../../include -O   -c -o pcy_map.o pcy_map.c
cc -I.. -I../.. -I../../include -O   -c -o pcy_tree.o pcy_tree.c
cc -I.. -I../.. -I../../include -O   -c -o pcy_lib.o pcy_lib.c
cc -I.. -I../.. -I../../include -O   -c -o v3_asid.o v3_asid.c
cc -I.. -I../.. -I../../include -O   -c -o v3_addr.o v3_addr.c
ar  r ../../libcrypto.a v3_bcons.o v3_bitst.o v3_conf.o v3_extku.o v3_ia5.o v3_lib.o v3_prn.o v3_utl.o v3err.o v3_genn.o v3_alt.o v3_skey.o v3_akey.o v3_pku.o v3_int.o v3_enum.o v3_sxnet.o v3_cpols.o v3_crld.o v3_purp.o v3_info.o v3_ocsp.o v3_akeya.o v3_pmaps.o v3_pcons.o v3_ncons.o v3_pcia.o v3_pci.o pcy_cache.o pcy_node.o pcy_data.o pcy_map.o pcy_tree.o pcy_lib.o v3_asid.o v3_addr.o
/usr/bin/ranlib ../../libcrypto.a || echo Never mind.
make[2]: Leaving directory `/root/Desktop/openssl-0.9.8zg/crypto/x509v3'
making all in crypto/conf...
make[2]: Entering directory `/root/Desktop/openssl-0.9.8zg/crypto/conf'
cc -I.. -I../.. -I../../include -O   -c -o conf_err.o conf_err.c
cc -I.. -I../.. -I../../include -O   -c -o conf_lib.o conf_lib.c
cc -I.. -I../.. -I../../include -O   -c -o conf_api.o conf_api.c
cc -I.. -I../.. -I../../include -O   -c -o conf_def.o conf_def.c
cc -I.. -I../.. -I../../include -O   -c -o conf_mod.o conf_mod.c
cc -I.. -I../.. -I../../include -O   -c -o conf_mall.o conf_mall.c
cc -I.. -I../.. -I../../include -O   -c -o conf_sap.o conf_sap.c
ar  r ../../libcrypto.a conf_err.o conf_lib.o conf_api.o conf_def.o conf_mod.o conf_mall.o conf_sap.o
/usr/bin/ranlib ../../libcrypto.a || echo Never mind.
make[2]: Leaving directory `/root/Desktop/openssl-0.9.8zg/crypto/conf'
making all in crypto/txt_db...
make[2]: Entering directory `/root/Desktop/openssl-0.9.8zg/crypto/txt_db'
cc -I.. -I../.. -I../../include -O   -c -o txt_db.o txt_db.c
ar  r ../../libcrypto.a txt_db.o
/usr/bin/ranlib ../../libcrypto.a || echo Never mind.
make[2]: Leaving directory `/root/Desktop/openssl-0.9.8zg/crypto/txt_db'
making all in crypto/pkcs7...
make[2]: Entering directory `/root/Desktop/openssl-0.9.8zg/crypto/pkcs7'
cc -I.. -I../.. -I../../include -O   -c -o pk7_asn1.o pk7_asn1.c
cc -I.. -I../.. -I../../include -O   -c -o pk7_lib.o pk7_lib.c
cc -I.. -I../.. -I../../include -O   -c -o pkcs7err.o pkcs7err.c
cc -I.. -I../.. -I../../include -O   -c -o pk7_doit.o pk7_doit.c
cc -I.. -I../.. -I../../include -O   -c -o pk7_smime.o pk7_smime.c
cc -I.. -I../.. -I../../include -O   -c -o pk7_attr.o pk7_attr.c
cc -I.. -I../.. -I../../include -O   -c -o pk7_mime.o pk7_mime.c
ar  r ../../libcrypto.a pk7_asn1.o pk7_lib.o pkcs7err.o pk7_doit.o pk7_smime.o pk7_attr.o pk7_mime.o
/usr/bin/ranlib ../../libcrypto.a || echo Never mind.
make[2]: Leaving directory `/root/Desktop/openssl-0.9.8zg/crypto/pkcs7'
making all in crypto/pkcs12...
make[2]: Entering directory `/root/Desktop/openssl-0.9.8zg/crypto/pkcs12'
cc -I.. -I../.. -I../../include -O   -c -o p12_add.o p12_add.c
cc -I.. -I../.. -I../../include -O   -c -o p12_asn.o p12_asn.c
cc -I.. -I../.. -I../../include -O   -c -o p12_attr.o p12_attr.c
cc -I.. -I../.. -I../../include -O   -c -o p12_crpt.o p12_crpt.c
cc -I.. -I../.. -I../../include -O   -c -o p12_crt.o p12_crt.c
cc -I.. -I../.. -I../../include -O   -c -o p12_decr.o p12_decr.c
cc -I.. -I../.. -I../../include -O   -c -o p12_init.o p12_init.c
cc -I.. -I../.. -I../../include -O   -c -o p12_key.o p12_key.c
cc -I.. -I../.. -I../../include -O   -c -o p12_kiss.o p12_kiss.c
cc -I.. -I../.. -I../../include -O   -c -o p12_mutl.o p12_mutl.c
cc -I.. -I../.. -I../../include -O   -c -o p12_utl.o p12_utl.c
cc -I.. -I../.. -I../../include -O   -c -o p12_npas.o p12_npas.c
cc -I.. -I../.. -I../../include -O   -c -o pk12err.o pk12err.c
cc -I.. -I../.. -I../../include -O   -c -o p12_p8d.o p12_p8d.c
cc -I.. -I../.. -I../../include -O   -c -o p12_p8e.o p12_p8e.c
ar  r ../../libcrypto.a p12_add.o p12_asn.o p12_attr.o p12_crpt.o p12_crt.o p12_decr.o p12_init.o p12_key.o p12_kiss.o p12_mutl.o p12_utl.o p12_npas.o pk12err.o p12_p8d.o p12_p8e.o
/usr/bin/ranlib ../../libcrypto.a || echo Never mind.
make[2]: Leaving directory `/root/Desktop/openssl-0.9.8zg/crypto/pkcs12'
making all in crypto/comp...
make[2]: Entering directory `/root/Desktop/openssl-0.9.8zg/crypto/comp'
cc -I.. -I../.. -I../../include -O   -c -o comp_lib.o comp_lib.c
cc -I.. -I../.. -I../../include -O   -c -o comp_err.o comp_err.c
cc -I.. -I../.. -I../../include -O   -c -o c_rle.o c_rle.c
cc -I.. -I../.. -I../../include -O   -c -o c_zlib.o c_zlib.c
ar  r ../../libcrypto.a comp_lib.o comp_err.o c_rle.o c_zlib.o
/usr/bin/ranlib ../../libcrypto.a || echo Never mind.
make[2]: Leaving directory `/root/Desktop/openssl-0.9.8zg/crypto/comp'
making all in crypto/ocsp...
make[2]: Entering directory `/root/Desktop/openssl-0.9.8zg/crypto/ocsp'
cc -I.. -I../.. -I../../include -O   -c -o ocsp_asn.o ocsp_asn.c
cc -I.. -I../.. -I../../include -O   -c -o ocsp_ext.o ocsp_ext.c
cc -I.. -I../.. -I../../include -O   -c -o ocsp_ht.o ocsp_ht.c
cc -I.. -I../.. -I../../include -O   -c -o ocsp_lib.o ocsp_lib.c
cc -I.. -I../.. -I../../include -O   -c -o ocsp_cl.o ocsp_cl.c
cc -I.. -I../.. -I../../include -O   -c -o ocsp_srv.o ocsp_srv.c
cc -I.. -I../.. -I../../include -O   -c -o ocsp_prn.o ocsp_prn.c
cc -I.. -I../.. -I../../include -O   -c -o ocsp_vfy.o ocsp_vfy.c
cc -I.. -I../.. -I../../include -O   -c -o ocsp_err.o ocsp_err.c
ar  r ../../libcrypto.a ocsp_asn.o ocsp_ext.o ocsp_ht.o ocsp_lib.o ocsp_cl.o ocsp_srv.o ocsp_prn.o ocsp_vfy.o ocsp_err.o
/usr/bin/ranlib ../../libcrypto.a || echo Never mind.
make[2]: Leaving directory `/root/Desktop/openssl-0.9.8zg/crypto/ocsp'
making all in crypto/ui...
make[2]: Entering directory `/root/Desktop/openssl-0.9.8zg/crypto/ui'
cc -I.. -I../.. -I../../include -O   -c -o ui_err.o ui_err.c
cc -I.. -I../.. -I../../include -O   -c -o ui_lib.o ui_lib.c
cc -I.. -I../.. -I../../include -O   -c -o ui_openssl.o ui_openssl.c
cc -I.. -I../.. -I../../include -O   -c -o ui_util.o ui_util.c
cc -I.. -I../.. -I../../include -O   -c -o ui_compat.o ui_compat.c
ar  r ../../libcrypto.a ui_err.o ui_lib.o ui_openssl.o ui_util.o ui_compat.o
/usr/bin/ranlib ../../libcrypto.a || echo Never mind.
make[2]: Leaving directory `/root/Desktop/openssl-0.9.8zg/crypto/ui'
making all in crypto/krb5...
make[2]: Entering directory `/root/Desktop/openssl-0.9.8zg/crypto/krb5'
cc -I.. -I../.. -I../../include -O   -c -o krb5_asn.o krb5_asn.c
ar  r ../../libcrypto.a krb5_asn.o
/usr/bin/ranlib ../../libcrypto.a || echo Never mind.
make[2]: Leaving directory `/root/Desktop/openssl-0.9.8zg/crypto/krb5'
making all in crypto/store...
make[2]: Entering directory `/root/Desktop/openssl-0.9.8zg/crypto/store'
cc -I.. -I../.. -I../../include -O   -c -o str_err.o str_err.c
cc -I.. -I../.. -I../../include -O   -c -o str_lib.o str_lib.c
cc -I.. -I../.. -I../../include -O   -c -o str_meth.o str_meth.c
cc -I.. -I../.. -I../../include -O   -c -o str_mem.o str_mem.c
ar  r ../../libcrypto.a str_err.o str_lib.o str_meth.o str_mem.o
/usr/bin/ranlib ../../libcrypto.a || echo Never mind.
make[2]: Leaving directory `/root/Desktop/openssl-0.9.8zg/crypto/store'
making all in crypto/pqueue...
make[2]: Entering directory `/root/Desktop/openssl-0.9.8zg/crypto/pqueue'
cc -I.. -I../.. -I../../include -O   -c -o pqueue.o pqueue.c
ar  r ../../libcrypto.a pqueue.o
/usr/bin/ranlib ../../libcrypto.a || echo Never mind.
make[2]: Leaving directory `/root/Desktop/openssl-0.9.8zg/crypto/pqueue'
make[1]: Leaving directory `/root/Desktop/openssl-0.9.8zg/crypto'
making all in ssl...
make[1]: Entering directory `/root/Desktop/openssl-0.9.8zg/ssl'
cc -I../crypto -I.. -I../include  -O   -c -o s2_meth.o s2_meth.c
cc -I../crypto -I.. -I../include  -O   -c -o s2_srvr.o s2_srvr.c
cc -I../crypto -I.. -I../include  -O   -c -o s2_clnt.o s2_clnt.c
cc -I../crypto -I.. -I../include  -O   -c -o s2_lib.o s2_lib.c
cc -I../crypto -I.. -I../include  -O   -c -o s2_enc.o s2_enc.c
cc -I../crypto -I.. -I../include  -O   -c -o s2_pkt.o s2_pkt.c
cc -I../crypto -I.. -I../include  -O   -c -o s3_meth.o s3_meth.c
cc -I../crypto -I.. -I../include  -O   -c -o s3_srvr.o s3_srvr.c
cc -I../crypto -I.. -I../include  -O   -c -o s3_clnt.o s3_clnt.c
cc -I../crypto -I.. -I../include  -O   -c -o s3_lib.o s3_lib.c
cc -I../crypto -I.. -I../include  -O   -c -o s3_enc.o s3_enc.c
cc -I../crypto -I.. -I../include  -O   -c -o s3_pkt.o s3_pkt.c
cc -I../crypto -I.. -I../include  -O   -c -o s3_both.o s3_both.c
cc -I../crypto -I.. -I../include  -O   -c -o s3_cbc.o s3_cbc.c
cc -I../crypto -I.. -I../include  -O   -c -o s23_meth.o s23_meth.c
cc -I../crypto -I.. -I../include  -O   -c -o s23_srvr.o s23_srvr.c
cc -I../crypto -I.. -I../include  -O   -c -o s23_clnt.o s23_clnt.c
cc -I../crypto -I.. -I../include  -O   -c -o s23_lib.o s23_lib.c
cc -I../crypto -I.. -I../include  -O   -c -o s23_pkt.o s23_pkt.c
cc -I../crypto -I.. -I../include  -O   -c -o t1_meth.o t1_meth.c
cc -I../crypto -I.. -I../include  -O   -c -o t1_srvr.o t1_srvr.c
cc -I../crypto -I.. -I../include  -O   -c -o t1_clnt.o t1_clnt.c
cc -I../crypto -I.. -I../include  -O   -c -o t1_lib.o t1_lib.c
cc -I../crypto -I.. -I../include  -O   -c -o t1_enc.o t1_enc.c
cc -I../crypto -I.. -I../include  -O   -c -o d1_meth.o d1_meth.c
cc -I../crypto -I.. -I../include  -O   -c -o d1_srvr.o d1_srvr.c
cc -I../crypto -I.. -I../include  -O   -c -o d1_clnt.o d1_clnt.c
cc -I../crypto -I.. -I../include  -O   -c -o d1_lib.o d1_lib.c
cc -I../crypto -I.. -I../include  -O   -c -o d1_pkt.o d1_pkt.c
cc -I../crypto -I.. -I../include  -O   -c -o d1_both.o d1_both.c
cc -I../crypto -I.. -I../include  -O   -c -o d1_enc.o d1_enc.c
cc -I../crypto -I.. -I../include  -O   -c -o ssl_lib.o ssl_lib.c
cc -I../crypto -I.. -I../include  -O   -c -o ssl_err2.o ssl_err2.c
cc -I../crypto -I.. -I../include  -O   -c -o ssl_cert.o ssl_cert.c
cc -I../crypto -I.. -I../include  -O   -c -o ssl_sess.o ssl_sess.c
cc -I../crypto -I.. -I../include  -O   -c -o ssl_ciph.o ssl_ciph.c
cc -I../crypto -I.. -I../include  -O   -c -o ssl_stat.o ssl_stat.c
cc -I../crypto -I.. -I../include  -O   -c -o ssl_rsa.o ssl_rsa.c
cc -I../crypto -I.. -I../include  -O   -c -o ssl_asn1.o ssl_asn1.c
cc -I../crypto -I.. -I../include  -O   -c -o ssl_txt.o ssl_txt.c
cc -I../crypto -I.. -I../include  -O   -c -o ssl_algs.o ssl_algs.c
cc -I../crypto -I.. -I../include  -O   -c -o bio_ssl.o bio_ssl.c
cc -I../crypto -I.. -I../include  -O   -c -o ssl_err.o ssl_err.c
cc -I../crypto -I.. -I../include  -O   -c -o kssl.o kssl.c
cc -I../crypto -I.. -I../include  -O   -c -o t1_reneg.o t1_reneg.c
ar  r ../libssl.a s2_meth.o  s2_srvr.o  s2_clnt.o  s2_lib.o  s2_enc.o s2_pkt.o s3_meth.o  s3_srvr.o  s3_clnt.o  s3_lib.o  s3_enc.o s3_pkt.o s3_both.o s3_cbc.o s23_meth.o s23_srvr.o s23_clnt.o s23_lib.o          s23_pkt.o t1_meth.o   t1_srvr.o t1_clnt.o  t1_lib.o  t1_enc.o d1_meth.o   d1_srvr.o d1_clnt.o  d1_lib.o  d1_pkt.o d1_both.o d1_enc.o ssl_lib.o ssl_err2.o ssl_cert.o ssl_sess.o ssl_ciph.o ssl_stat.o ssl_rsa.o ssl_asn1.o ssl_txt.o ssl_algs.o bio_ssl.o ssl_err.o kssl.o t1_reneg.o
/usr/bin/ranlib ../libssl.a || echo Never mind.
make[1]: Leaving directory `/root/Desktop/openssl-0.9.8zg/ssl'
making all in engines...
make[1]: Entering directory `/root/Desktop/openssl-0.9.8zg/engines'
cc -I../include -O   -c -o e_4758cca.o e_4758cca.c
cc -I../include -O   -c -o e_aep.o e_aep.c
cc -I../include -O   -c -o e_atalla.o e_atalla.c
cc -I../include -O   -c -o e_cswift.o e_cswift.c
cc -I../include -O   -c -o e_gmp.o e_gmp.c
cc -I../include -O   -c -o e_chil.o e_chil.c
cc -I../include -O   -c -o e_nuron.o e_nuron.c
cc -I../include -O   -c -o e_sureware.o e_sureware.c
cc -I../include -O   -c -o e_ubsec.o e_ubsec.c
cc -I../include -O   -c -o e_capi.o e_capi.c
make[1]: Leaving directory `/root/Desktop/openssl-0.9.8zg/engines'
making all in apps...
make[1]: Entering directory `/root/Desktop/openssl-0.9.8zg/apps'
cc -DMONOLITH -I.. -I../include  -O   -c -o verify.o verify.c
cc -DMONOLITH -I.. -I../include  -O   -c -o asn1pars.o asn1pars.c
cc -DMONOLITH -I.. -I../include  -O   -c -o req.o req.c
cc -DMONOLITH -I.. -I../include  -O   -c -o dgst.o dgst.c
cc -DMONOLITH -I.. -I../include  -O   -c -o dh.o dh.c
cc -DMONOLITH -I.. -I../include  -O   -c -o dhparam.o dhparam.c
cc -DMONOLITH -I.. -I../include  -O   -c -o enc.o enc.c
cc -DMONOLITH -I.. -I../include  -O   -c -o passwd.o passwd.c
cc -DMONOLITH -I.. -I../include  -O   -c -o gendh.o gendh.c
cc -DMONOLITH -I.. -I../include  -O   -c -o errstr.o errstr.c
cc -DMONOLITH -I.. -I../include  -O   -c -o ca.o ca.c
cc -DMONOLITH -I.. -I../include  -O   -c -o pkcs7.o pkcs7.c
cc -DMONOLITH -I.. -I../include  -O   -c -o crl2p7.o crl2p7.c
cc -DMONOLITH -I.. -I../include  -O   -c -o crl.o crl.c
cc -DMONOLITH -I.. -I../include  -O   -c -o rsa.o rsa.c
cc -DMONOLITH -I.. -I../include  -O   -c -o rsautl.o rsautl.c
cc -DMONOLITH -I.. -I../include  -O   -c -o dsa.o dsa.c
cc -DMONOLITH -I.. -I../include  -O   -c -o dsaparam.o dsaparam.c
cc -DMONOLITH -I.. -I../include  -O   -c -o ec.o ec.c
cc -DMONOLITH -I.. -I../include  -O   -c -o ecparam.o ecparam.c
cc -DMONOLITH -I.. -I../include  -O   -c -o x509.o x509.c
cc -DMONOLITH -I.. -I../include  -O   -c -o genrsa.o genrsa.c
cc -DMONOLITH -I.. -I../include  -O   -c -o gendsa.o gendsa.c
cc -DMONOLITH -I.. -I../include  -O   -c -o s_server.o s_server.c
cc -DMONOLITH -I.. -I../include  -O   -c -o s_client.o s_client.c
cc -DMONOLITH -I.. -I../include  -O   -c -o speed.o speed.c
cc -DMONOLITH -I.. -I../include  -O   -c -o s_time.o s_time.c
cc -DMONOLITH -I.. -I../include  -O   -c -o apps.o apps.c
cc -DMONOLITH -I.. -I../include  -O   -c -o s_cb.o s_cb.c
cc -DMONOLITH -I.. -I../include  -O   -c -o s_socket.o s_socket.c
cc -DMONOLITH -I.. -I../include  -O   -c -o app_rand.o app_rand.c
cc -DMONOLITH -I.. -I../include  -O   -c -o version.o version.c
cc -DMONOLITH -I.. -I../include  -O   -c -o sess_id.o sess_id.c
cc -DMONOLITH -I.. -I../include  -O   -c -o ciphers.o ciphers.c
cc -DMONOLITH -I.. -I../include  -O   -c -o nseq.o nseq.c
cc -DMONOLITH -I.. -I../include  -O   -c -o pkcs12.o pkcs12.c
cc -DMONOLITH -I.. -I../include  -O   -c -o pkcs8.o pkcs8.c
cc -DMONOLITH -I.. -I../include  -O   -c -o spkac.o spkac.c
cc -DMONOLITH -I.. -I../include  -O   -c -o smime.o smime.c
cc -DMONOLITH -I.. -I../include  -O   -c -o rand.o rand.c
cc -DMONOLITH -I.. -I../include  -O   -c -o engine.o engine.c
cc -DMONOLITH -I.. -I../include  -O   -c -o ocsp.o ocsp.c
cc -DMONOLITH -I.. -I../include  -O   -c -o prime.o prime.c
cc -DMONOLITH -I.. -I../include  -O   -c -o cms.o cms.c
cc -DMONOLITH -I.. -I../include  -O   -c -o openssl.o openssl.c
rm -f openssl
shlib_target=; if [ -n "" ]; then \
		shlib_target=""; \
	elif [ -n "" ]; then \
	  FIPSLD_CC="cc"; CC=../fips/fipsld; export CC FIPSLD_CC; \
	fi; \
	LIBRARIES="-L.. -lssl  -L.. -lcrypto" ; \
	[ "x" = "xlibfips" ] && LIBRARIES="$LIBRARIES -lfips"; \
	make -f ../Makefile.shared -e \
		CC="${CC}" APPNAME=openssl OBJECTS="openssl.o verify.o asn1pars.o req.o dgst.o dh.o dhparam.o enc.o passwd.o gendh.o errstr.o ca.o pkcs7.o crl2p7.o crl.o rsa.o rsautl.o dsa.o dsaparam.o ec.o ecparam.o x509.o genrsa.o gendsa.o s_server.o s_client.o speed.o s_time.o apps.o s_cb.o s_socket.o app_rand.o version.o sess_id.o ciphers.o nseq.o pkcs12.o pkcs8.o spkac.o smime.o rand.o engine.o ocsp.o prime.o cms.o" \
		LIBDEPS=" $LIBRARIES " \
		link_app.${shlib_target}
make[2]: Entering directory `/root/Desktop/openssl-0.9.8zg/apps'
( :; LIBDEPS="${LIBDEPS:--L.. -lssl  -L.. -lcrypto }"; LDCMD="${LDCMD:-cc}"; LDFLAGS="${LDFLAGS:--O}"; LIBPATH=`for x in $LIBDEPS; do if echo $x | grep '^ *-L' > /dev/null 2>&1; then echo $x | sed -e 's/^ *-L//'; fi; done | uniq`; LIBPATH=`echo $LIBPATH | sed -e 's/ /:/g'`; LD_LIBRARY_PATH=$LIBPATH:$LD_LIBRARY_PATH ${LDCMD} ${LDFLAGS} -o ${APPNAME:=openssl} openssl.o verify.o asn1pars.o req.o dgst.o dh.o dhparam.o enc.o passwd.o gendh.o errstr.o ca.o pkcs7.o crl2p7.o crl.o rsa.o rsautl.o dsa.o dsaparam.o ec.o ecparam.o x509.o genrsa.o gendsa.o s_server.o s_client.o speed.o s_time.o apps.o s_cb.o s_socket.o app_rand.o version.o sess_id.o ciphers.o nseq.o pkcs12.o pkcs8.o spkac.o smime.o rand.o engine.o ocsp.o prime.o cms.o ${LIBDEPS} )
make[2]: Leaving directory `/root/Desktop/openssl-0.9.8zg/apps'
Doing certs
make[1]: Leaving directory `/root/Desktop/openssl-0.9.8zg/apps'
making all in test...
make[1]: Entering directory `/root/Desktop/openssl-0.9.8zg/test'
cc -I.. -I../include  -I../fips -O   -c -o bntest.o bntest.c
make[2]: Entering directory `/root/Desktop/openssl-0.9.8zg/test'
( :; LIBDEPS="${LIBDEPS:--L.. -lssl -L.. -lcrypto  }"; LDCMD="${LDCMD:-cc}"; LDFLAGS="${LDFLAGS:--O}"; LIBPATH=`for x in $LIBDEPS; do if echo $x | grep '^ *-L' > /dev/null 2>&1; then echo $x | sed -e 's/^ *-L//'; fi; done | uniq`; LIBPATH=`echo $LIBPATH | sed -e 's/ /:/g'`; LD_LIBRARY_PATH=$LIBPATH:$LD_LIBRARY_PATH ${LDCMD} ${LDFLAGS} -o ${APPNAME:=bntest} bntest.o ${LIBDEPS} )
make[2]: Leaving directory `/root/Desktop/openssl-0.9.8zg/test'
cc -I.. -I../include  -I../fips -O   -c -o ectest.o ectest.c
make[2]: Entering directory `/root/Desktop/openssl-0.9.8zg/test'
( :; LIBDEPS="${LIBDEPS:--L.. -lssl -L.. -lcrypto  }"; LDCMD="${LDCMD:-cc}"; LDFLAGS="${LDFLAGS:--O}"; LIBPATH=`for x in $LIBDEPS; do if echo $x | grep '^ *-L' > /dev/null 2>&1; then echo $x | sed -e 's/^ *-L//'; fi; done | uniq`; LIBPATH=`echo $LIBPATH | sed -e 's/ /:/g'`; LD_LIBRARY_PATH=$LIBPATH:$LD_LIBRARY_PATH ${LDCMD} ${LDFLAGS} -o ${APPNAME:=ectest} ectest.o ${LIBDEPS} )
make[2]: Leaving directory `/root/Desktop/openssl-0.9.8zg/test'
cc -I.. -I../include  -I../fips -O   -c -o ecdsatest.o ecdsatest.c
make[2]: Entering directory `/root/Desktop/openssl-0.9.8zg/test'
( :; LIBDEPS="${LIBDEPS:--L.. -lssl -L.. -lcrypto  }"; LDCMD="${LDCMD:-cc}"; LDFLAGS="${LDFLAGS:--O}"; LIBPATH=`for x in $LIBDEPS; do if echo $x | grep '^ *-L' > /dev/null 2>&1; then echo $x | sed -e 's/^ *-L//'; fi; done | uniq`; LIBPATH=`echo $LIBPATH | sed -e 's/ /:/g'`; LD_LIBRARY_PATH=$LIBPATH:$LD_LIBRARY_PATH ${LDCMD} ${LDFLAGS} -o ${APPNAME:=ecdsatest} ecdsatest.o ${LIBDEPS} )
make[2]: Leaving directory `/root/Desktop/openssl-0.9.8zg/test'
cc -I.. -I../include  -I../fips -O   -c -o ecdhtest.o ecdhtest.c
make[2]: Entering directory `/root/Desktop/openssl-0.9.8zg/test'
( :; LIBDEPS="${LIBDEPS:--L.. -lssl -L.. -lcrypto  }"; LDCMD="${LDCMD:-cc}"; LDFLAGS="${LDFLAGS:--O}"; LIBPATH=`for x in $LIBDEPS; do if echo $x | grep '^ *-L' > /dev/null 2>&1; then echo $x | sed -e 's/^ *-L//'; fi; done | uniq`; LIBPATH=`echo $LIBPATH | sed -e 's/ /:/g'`; LD_LIBRARY_PATH=$LIBPATH:$LD_LIBRARY_PATH ${LDCMD} ${LDFLAGS} -o ${APPNAME:=ecdhtest} ecdhtest.o ${LIBDEPS} )
make[2]: Leaving directory `/root/Desktop/openssl-0.9.8zg/test'
cc -I.. -I../include  -I../fips -O   -c -o ideatest.o ideatest.c
make[2]: Entering directory `/root/Desktop/openssl-0.9.8zg/test'
( :; LIBDEPS="${LIBDEPS:--L.. -lssl -L.. -lcrypto  }"; LDCMD="${LDCMD:-cc}"; LDFLAGS="${LDFLAGS:--O}"; LIBPATH=`for x in $LIBDEPS; do if echo $x | grep '^ *-L' > /dev/null 2>&1; then echo $x | sed -e 's/^ *-L//'; fi; done | uniq`; LIBPATH=`echo $LIBPATH | sed -e 's/ /:/g'`; LD_LIBRARY_PATH=$LIBPATH:$LD_LIBRARY_PATH ${LDCMD} ${LDFLAGS} -o ${APPNAME:=ideatest} ideatest.o ${LIBDEPS} )
make[2]: Leaving directory `/root/Desktop/openssl-0.9.8zg/test'
cc -I.. -I../include  -I../fips -O   -c -o md2test.o md2test.c
make[2]: Entering directory `/root/Desktop/openssl-0.9.8zg/test'
( :; LIBDEPS="${LIBDEPS:--L.. -lssl -L.. -lcrypto  }"; LDCMD="${LDCMD:-cc}"; LDFLAGS="${LDFLAGS:--O}"; LIBPATH=`for x in $LIBDEPS; do if echo $x | grep '^ *-L' > /dev/null 2>&1; then echo $x | sed -e 's/^ *-L//'; fi; done | uniq`; LIBPATH=`echo $LIBPATH | sed -e 's/ /:/g'`; LD_LIBRARY_PATH=$LIBPATH:$LD_LIBRARY_PATH ${LDCMD} ${LDFLAGS} -o ${APPNAME:=md2test} md2test.o ${LIBDEPS} )
make[2]: Leaving directory `/root/Desktop/openssl-0.9.8zg/test'
cc -I.. -I../include  -I../fips -O   -c -o md4test.o md4test.c
make[2]: Entering directory `/root/Desktop/openssl-0.9.8zg/test'
( :; LIBDEPS="${LIBDEPS:--L.. -lssl -L.. -lcrypto  }"; LDCMD="${LDCMD:-cc}"; LDFLAGS="${LDFLAGS:--O}"; LIBPATH=`for x in $LIBDEPS; do if echo $x | grep '^ *-L' > /dev/null 2>&1; then echo $x | sed -e 's/^ *-L//'; fi; done | uniq`; LIBPATH=`echo $LIBPATH | sed -e 's/ /:/g'`; LD_LIBRARY_PATH=$LIBPATH:$LD_LIBRARY_PATH ${LDCMD} ${LDFLAGS} -o ${APPNAME:=md4test} md4test.o ${LIBDEPS} )
make[2]: Leaving directory `/root/Desktop/openssl-0.9.8zg/test'
cc -I.. -I../include  -I../fips -O   -c -o md5test.o md5test.c
make[2]: Entering directory `/root/Desktop/openssl-0.9.8zg/test'
( :; LIBDEPS="${LIBDEPS:--L.. -lssl -L.. -lcrypto  }"; LDCMD="${LDCMD:-cc}"; LDFLAGS="${LDFLAGS:--O}"; LIBPATH=`for x in $LIBDEPS; do if echo $x | grep '^ *-L' > /dev/null 2>&1; then echo $x | sed -e 's/^ *-L//'; fi; done | uniq`; LIBPATH=`echo $LIBPATH | sed -e 's/ /:/g'`; LD_LIBRARY_PATH=$LIBPATH:$LD_LIBRARY_PATH ${LDCMD} ${LDFLAGS} -o ${APPNAME:=md5test} md5test.o ${LIBDEPS} )
make[2]: Leaving directory `/root/Desktop/openssl-0.9.8zg/test'
cc -I.. -I../include  -I../fips -O   -c -o hmactest.o hmactest.c
make[2]: Entering directory `/root/Desktop/openssl-0.9.8zg/test'
( :; LIBDEPS="${LIBDEPS:--L.. -lssl -L.. -lcrypto  }"; LDCMD="${LDCMD:-cc}"; LDFLAGS="${LDFLAGS:--O}"; LIBPATH=`for x in $LIBDEPS; do if echo $x | grep '^ *-L' > /dev/null 2>&1; then echo $x | sed -e 's/^ *-L//'; fi; done | uniq`; LIBPATH=`echo $LIBPATH | sed -e 's/ /:/g'`; LD_LIBRARY_PATH=$LIBPATH:$LD_LIBRARY_PATH ${LDCMD} ${LDFLAGS} -o ${APPNAME:=hmactest} hmactest.o ${LIBDEPS} )
make[2]: Leaving directory `/root/Desktop/openssl-0.9.8zg/test'
cc -I.. -I../include  -I../fips -O   -c -o rc2test.o rc2test.c
make[2]: Entering directory `/root/Desktop/openssl-0.9.8zg/test'
( :; LIBDEPS="${LIBDEPS:--L.. -lssl -L.. -lcrypto  }"; LDCMD="${LDCMD:-cc}"; LDFLAGS="${LDFLAGS:--O}"; LIBPATH=`for x in $LIBDEPS; do if echo $x | grep '^ *-L' > /dev/null 2>&1; then echo $x | sed -e 's/^ *-L//'; fi; done | uniq`; LIBPATH=`echo $LIBPATH | sed -e 's/ /:/g'`; LD_LIBRARY_PATH=$LIBPATH:$LD_LIBRARY_PATH ${LDCMD} ${LDFLAGS} -o ${APPNAME:=rc2test} rc2test.o ${LIBDEPS} )
make[2]: Leaving directory `/root/Desktop/openssl-0.9.8zg/test'
cc -I.. -I../include  -I../fips -O   -c -o rc4test.o rc4test.c
make[2]: Entering directory `/root/Desktop/openssl-0.9.8zg/test'
( :; LIBDEPS="${LIBDEPS:--L.. -lssl -L.. -lcrypto  }"; LDCMD="${LDCMD:-cc}"; LDFLAGS="${LDFLAGS:--O}"; LIBPATH=`for x in $LIBDEPS; do if echo $x | grep '^ *-L' > /dev/null 2>&1; then echo $x | sed -e 's/^ *-L//'; fi; done | uniq`; LIBPATH=`echo $LIBPATH | sed -e 's/ /:/g'`; LD_LIBRARY_PATH=$LIBPATH:$LD_LIBRARY_PATH ${LDCMD} ${LDFLAGS} -o ${APPNAME:=rc4test} rc4test.o ${LIBDEPS} )
make[2]: Leaving directory `/root/Desktop/openssl-0.9.8zg/test'
cc -I.. -I../include  -I../fips -O   -c -o rc5test.o rc5test.c
make[2]: Entering directory `/root/Desktop/openssl-0.9.8zg/test'
( :; LIBDEPS="${LIBDEPS:--L.. -lssl -L.. -lcrypto  }"; LDCMD="${LDCMD:-cc}"; LDFLAGS="${LDFLAGS:--O}"; LIBPATH=`for x in $LIBDEPS; do if echo $x | grep '^ *-L' > /dev/null 2>&1; then echo $x | sed -e 's/^ *-L//'; fi; done | uniq`; LIBPATH=`echo $LIBPATH | sed -e 's/ /:/g'`; LD_LIBRARY_PATH=$LIBPATH:$LD_LIBRARY_PATH ${LDCMD} ${LDFLAGS} -o ${APPNAME:=rc5test} rc5test.o ${LIBDEPS} )
make[2]: Leaving directory `/root/Desktop/openssl-0.9.8zg/test'
cc -I.. -I../include  -I../fips -O   -c -o destest.o destest.c
make[2]: Entering directory `/root/Desktop/openssl-0.9.8zg/test'
( :; LIBDEPS="${LIBDEPS:--L.. -lssl -L.. -lcrypto  }"; LDCMD="${LDCMD:-cc}"; LDFLAGS="${LDFLAGS:--O}"; LIBPATH=`for x in $LIBDEPS; do if echo $x | grep '^ *-L' > /dev/null 2>&1; then echo $x | sed -e 's/^ *-L//'; fi; done | uniq`; LIBPATH=`echo $LIBPATH | sed -e 's/ /:/g'`; LD_LIBRARY_PATH=$LIBPATH:$LD_LIBRARY_PATH ${LDCMD} ${LDFLAGS} -o ${APPNAME:=destest} destest.o ${LIBDEPS} )
make[2]: Leaving directory `/root/Desktop/openssl-0.9.8zg/test'
cc -I.. -I../include  -I../fips -O   -c -o shatest.o shatest.c
make[2]: Entering directory `/root/Desktop/openssl-0.9.8zg/test'
( :; LIBDEPS="${LIBDEPS:--L.. -lssl -L.. -lcrypto  }"; LDCMD="${LDCMD:-cc}"; LDFLAGS="${LDFLAGS:--O}"; LIBPATH=`for x in $LIBDEPS; do if echo $x | grep '^ *-L' > /dev/null 2>&1; then echo $x | sed -e 's/^ *-L//'; fi; done | uniq`; LIBPATH=`echo $LIBPATH | sed -e 's/ /:/g'`; LD_LIBRARY_PATH=$LIBPATH:$LD_LIBRARY_PATH ${LDCMD} ${LDFLAGS} -o ${APPNAME:=shatest} shatest.o ${LIBDEPS} )
make[2]: Leaving directory `/root/Desktop/openssl-0.9.8zg/test'
cc -I.. -I../include  -I../fips -O   -c -o sha1test.o sha1test.c
make[2]: Entering directory `/root/Desktop/openssl-0.9.8zg/test'
( :; LIBDEPS="${LIBDEPS:--L.. -lssl -L.. -lcrypto  }"; LDCMD="${LDCMD:-cc}"; LDFLAGS="${LDFLAGS:--O}"; LIBPATH=`for x in $LIBDEPS; do if echo $x | grep '^ *-L' > /dev/null 2>&1; then echo $x | sed -e 's/^ *-L//'; fi; done | uniq`; LIBPATH=`echo $LIBPATH | sed -e 's/ /:/g'`; LD_LIBRARY_PATH=$LIBPATH:$LD_LIBRARY_PATH ${LDCMD} ${LDFLAGS} -o ${APPNAME:=sha1test} sha1test.o ${LIBDEPS} )
make[2]: Leaving directory `/root/Desktop/openssl-0.9.8zg/test'
cc -I.. -I../include  -I../fips -O   -c -o sha256t.o sha256t.c
make[2]: Entering directory `/root/Desktop/openssl-0.9.8zg/test'
( :; LIBDEPS="${LIBDEPS:--L.. -lssl -L.. -lcrypto  }"; LDCMD="${LDCMD:-cc}"; LDFLAGS="${LDFLAGS:--O}"; LIBPATH=`for x in $LIBDEPS; do if echo $x | grep '^ *-L' > /dev/null 2>&1; then echo $x | sed -e 's/^ *-L//'; fi; done | uniq`; LIBPATH=`echo $LIBPATH | sed -e 's/ /:/g'`; LD_LIBRARY_PATH=$LIBPATH:$LD_LIBRARY_PATH ${LDCMD} ${LDFLAGS} -o ${APPNAME:=sha256t} sha256t.o ${LIBDEPS} )
make[2]: Leaving directory `/root/Desktop/openssl-0.9.8zg/test'
cc -I.. -I../include  -I../fips -O   -c -o sha512t.o sha512t.c
make[2]: Entering directory `/root/Desktop/openssl-0.9.8zg/test'
( :; LIBDEPS="${LIBDEPS:--L.. -lssl -L.. -lcrypto  }"; LDCMD="${LDCMD:-cc}"; LDFLAGS="${LDFLAGS:--O}"; LIBPATH=`for x in $LIBDEPS; do if echo $x | grep '^ *-L' > /dev/null 2>&1; then echo $x | sed -e 's/^ *-L//'; fi; done | uniq`; LIBPATH=`echo $LIBPATH | sed -e 's/ /:/g'`; LD_LIBRARY_PATH=$LIBPATH:$LD_LIBRARY_PATH ${LDCMD} ${LDFLAGS} -o ${APPNAME:=sha512t} sha512t.o ${LIBDEPS} )
make[2]: Leaving directory `/root/Desktop/openssl-0.9.8zg/test'
cc -I.. -I../include  -I../fips -O   -c -o mdc2test.o mdc2test.c
make[2]: Entering directory `/root/Desktop/openssl-0.9.8zg/test'
( :; LIBDEPS="${LIBDEPS:--L.. -lssl -L.. -lcrypto  }"; LDCMD="${LDCMD:-cc}"; LDFLAGS="${LDFLAGS:--O}"; LIBPATH=`for x in $LIBDEPS; do if echo $x | grep '^ *-L' > /dev/null 2>&1; then echo $x | sed -e 's/^ *-L//'; fi; done | uniq`; LIBPATH=`echo $LIBPATH | sed -e 's/ /:/g'`; LD_LIBRARY_PATH=$LIBPATH:$LD_LIBRARY_PATH ${LDCMD} ${LDFLAGS} -o ${APPNAME:=mdc2test} mdc2test.o ${LIBDEPS} )
make[2]: Leaving directory `/root/Desktop/openssl-0.9.8zg/test'
cc -I.. -I../include  -I../fips -O   -c -o rmdtest.o rmdtest.c
make[2]: Entering directory `/root/Desktop/openssl-0.9.8zg/test'
( :; LIBDEPS="${LIBDEPS:--L.. -lssl -L.. -lcrypto  }"; LDCMD="${LDCMD:-cc}"; LDFLAGS="${LDFLAGS:--O}"; LIBPATH=`for x in $LIBDEPS; do if echo $x | grep '^ *-L' > /dev/null 2>&1; then echo $x | sed -e 's/^ *-L//'; fi; done | uniq`; LIBPATH=`echo $LIBPATH | sed -e 's/ /:/g'`; LD_LIBRARY_PATH=$LIBPATH:$LD_LIBRARY_PATH ${LDCMD} ${LDFLAGS} -o ${APPNAME:=rmdtest} rmdtest.o ${LIBDEPS} )
make[2]: Leaving directory `/root/Desktop/openssl-0.9.8zg/test'
cc -I.. -I../include  -I../fips -O   -c -o randtest.o randtest.c
make[2]: Entering directory `/root/Desktop/openssl-0.9.8zg/test'
( :; LIBDEPS="${LIBDEPS:--L.. -lssl -L.. -lcrypto  }"; LDCMD="${LDCMD:-cc}"; LDFLAGS="${LDFLAGS:--O}"; LIBPATH=`for x in $LIBDEPS; do if echo $x | grep '^ *-L' > /dev/null 2>&1; then echo $x | sed -e 's/^ *-L//'; fi; done | uniq`; LIBPATH=`echo $LIBPATH | sed -e 's/ /:/g'`; LD_LIBRARY_PATH=$LIBPATH:$LD_LIBRARY_PATH ${LDCMD} ${LDFLAGS} -o ${APPNAME:=randtest} randtest.o ${LIBDEPS} )
make[2]: Leaving directory `/root/Desktop/openssl-0.9.8zg/test'
cc -I.. -I../include  -I../fips -O   -c -o dhtest.o dhtest.c
make[2]: Entering directory `/root/Desktop/openssl-0.9.8zg/test'
( :; LIBDEPS="${LIBDEPS:--L.. -lssl -L.. -lcrypto  }"; LDCMD="${LDCMD:-cc}"; LDFLAGS="${LDFLAGS:--O}"; LIBPATH=`for x in $LIBDEPS; do if echo $x | grep '^ *-L' > /dev/null 2>&1; then echo $x | sed -e 's/^ *-L//'; fi; done | uniq`; LIBPATH=`echo $LIBPATH | sed -e 's/ /:/g'`; LD_LIBRARY_PATH=$LIBPATH:$LD_LIBRARY_PATH ${LDCMD} ${LDFLAGS} -o ${APPNAME:=dhtest} dhtest.o ${LIBDEPS} )
make[2]: Leaving directory `/root/Desktop/openssl-0.9.8zg/test'
cc -I.. -I../include  -I../fips -O   -c -o enginetest.o enginetest.c
make[2]: Entering directory `/root/Desktop/openssl-0.9.8zg/test'
( :; LIBDEPS="${LIBDEPS:--L.. -lssl -L.. -lcrypto  }"; LDCMD="${LDCMD:-cc}"; LDFLAGS="${LDFLAGS:--O}"; LIBPATH=`for x in $LIBDEPS; do if echo $x | grep '^ *-L' > /dev/null 2>&1; then echo $x | sed -e 's/^ *-L//'; fi; done | uniq`; LIBPATH=`echo $LIBPATH | sed -e 's/ /:/g'`; LD_LIBRARY_PATH=$LIBPATH:$LD_LIBRARY_PATH ${LDCMD} ${LDFLAGS} -o ${APPNAME:=enginetest} enginetest.o ${LIBDEPS} )
make[2]: Leaving directory `/root/Desktop/openssl-0.9.8zg/test'
cc -I.. -I../include  -I../fips -O   -c -o bftest.o bftest.c
make[2]: Entering directory `/root/Desktop/openssl-0.9.8zg/test'
( :; LIBDEPS="${LIBDEPS:--L.. -lssl -L.. -lcrypto  }"; LDCMD="${LDCMD:-cc}"; LDFLAGS="${LDFLAGS:--O}"; LIBPATH=`for x in $LIBDEPS; do if echo $x | grep '^ *-L' > /dev/null 2>&1; then echo $x | sed -e 's/^ *-L//'; fi; done | uniq`; LIBPATH=`echo $LIBPATH | sed -e 's/ /:/g'`; LD_LIBRARY_PATH=$LIBPATH:$LD_LIBRARY_PATH ${LDCMD} ${LDFLAGS} -o ${APPNAME:=bftest} bftest.o ${LIBDEPS} )
make[2]: Leaving directory `/root/Desktop/openssl-0.9.8zg/test'
cc -I.. -I../include  -I../fips -O   -c -o casttest.o casttest.c
make[2]: Entering directory `/root/Desktop/openssl-0.9.8zg/test'
( :; LIBDEPS="${LIBDEPS:--L.. -lssl -L.. -lcrypto  }"; LDCMD="${LDCMD:-cc}"; LDFLAGS="${LDFLAGS:--O}"; LIBPATH=`for x in $LIBDEPS; do if echo $x | grep '^ *-L' > /dev/null 2>&1; then echo $x | sed -e 's/^ *-L//'; fi; done | uniq`; LIBPATH=`echo $LIBPATH | sed -e 's/ /:/g'`; LD_LIBRARY_PATH=$LIBPATH:$LD_LIBRARY_PATH ${LDCMD} ${LDFLAGS} -o ${APPNAME:=casttest} casttest.o ${LIBDEPS} )
make[2]: Leaving directory `/root/Desktop/openssl-0.9.8zg/test'
cc -I.. -I../include  -I../fips -O   -c -o ssltest.o ssltest.c
make[2]: Entering directory `/root/Desktop/openssl-0.9.8zg/test'
( :; LIBDEPS="${LIBDEPS:--L.. -lssl -L.. -lcrypto  }"; LDCMD="${LDCMD:-cc}"; LDFLAGS="${LDFLAGS:--O}"; LIBPATH=`for x in $LIBDEPS; do if echo $x | grep '^ *-L' > /dev/null 2>&1; then echo $x | sed -e 's/^ *-L//'; fi; done | uniq`; LIBPATH=`echo $LIBPATH | sed -e 's/ /:/g'`; LD_LIBRARY_PATH=$LIBPATH:$LD_LIBRARY_PATH ${LDCMD} ${LDFLAGS} -o ${APPNAME:=ssltest} ssltest.o ${LIBDEPS} )
make[2]: Leaving directory `/root/Desktop/openssl-0.9.8zg/test'
cc -I.. -I../include  -I../fips -O   -c -o exptest.o exptest.c
make[2]: Entering directory `/root/Desktop/openssl-0.9.8zg/test'
( :; LIBDEPS="${LIBDEPS:--L.. -lssl -L.. -lcrypto  }"; LDCMD="${LDCMD:-cc}"; LDFLAGS="${LDFLAGS:--O}"; LIBPATH=`for x in $LIBDEPS; do if echo $x | grep '^ *-L' > /dev/null 2>&1; then echo $x | sed -e 's/^ *-L//'; fi; done | uniq`; LIBPATH=`echo $LIBPATH | sed -e 's/ /:/g'`; LD_LIBRARY_PATH=$LIBPATH:$LD_LIBRARY_PATH ${LDCMD} ${LDFLAGS} -o ${APPNAME:=exptest} exptest.o ${LIBDEPS} )
make[2]: Leaving directory `/root/Desktop/openssl-0.9.8zg/test'
cc -I.. -I../include  -I../fips -O   -c -o dsatest.o dsatest.c
make[2]: Entering directory `/root/Desktop/openssl-0.9.8zg/test'
( :; LIBDEPS="${LIBDEPS:--L.. -lssl -L.. -lcrypto  }"; LDCMD="${LDCMD:-cc}"; LDFLAGS="${LDFLAGS:--O}"; LIBPATH=`for x in $LIBDEPS; do if echo $x | grep '^ *-L' > /dev/null 2>&1; then echo $x | sed -e 's/^ *-L//'; fi; done | uniq`; LIBPATH=`echo $LIBPATH | sed -e 's/ /:/g'`; LD_LIBRARY_PATH=$LIBPATH:$LD_LIBRARY_PATH ${LDCMD} ${LDFLAGS} -o ${APPNAME:=dsatest} dsatest.o ${LIBDEPS} )
make[2]: Leaving directory `/root/Desktop/openssl-0.9.8zg/test'
cc -I.. -I../include  -I../fips -O   -c -o rsa_test.o rsa_test.c
make[2]: Entering directory `/root/Desktop/openssl-0.9.8zg/test'
( :; LIBDEPS="${LIBDEPS:--L.. -lssl -L.. -lcrypto  }"; LDCMD="${LDCMD:-cc}"; LDFLAGS="${LDFLAGS:--O}"; LIBPATH=`for x in $LIBDEPS; do if echo $x | grep '^ *-L' > /dev/null 2>&1; then echo $x | sed -e 's/^ *-L//'; fi; done | uniq`; LIBPATH=`echo $LIBPATH | sed -e 's/ /:/g'`; LD_LIBRARY_PATH=$LIBPATH:$LD_LIBRARY_PATH ${LDCMD} ${LDFLAGS} -o ${APPNAME:=rsa_test} rsa_test.o ${LIBDEPS} )
make[2]: Leaving directory `/root/Desktop/openssl-0.9.8zg/test'
cc -I.. -I../include  -I../fips -O   -c -o evp_test.o evp_test.c
make[2]: Entering directory `/root/Desktop/openssl-0.9.8zg/test'
( :; LIBDEPS="${LIBDEPS:--L.. -lssl -L.. -lcrypto  }"; LDCMD="${LDCMD:-cc}"; LDFLAGS="${LDFLAGS:--O}"; LIBPATH=`for x in $LIBDEPS; do if echo $x | grep '^ *-L' > /dev/null 2>&1; then echo $x | sed -e 's/^ *-L//'; fi; done | uniq`; LIBPATH=`echo $LIBPATH | sed -e 's/ /:/g'`; LD_LIBRARY_PATH=$LIBPATH:$LD_LIBRARY_PATH ${LDCMD} ${LDFLAGS} -o ${APPNAME:=evp_test} evp_test.o ${LIBDEPS} )
make[2]: Leaving directory `/root/Desktop/openssl-0.9.8zg/test'
cc -I.. -I../include  -I../fips -O   -c -o igetest.o igetest.c
make[2]: Entering directory `/root/Desktop/openssl-0.9.8zg/test'
( :; LIBDEPS="${LIBDEPS:--L.. -lssl -L.. -lcrypto  }"; LDCMD="${LDCMD:-cc}"; LDFLAGS="${LDFLAGS:--O}"; LIBPATH=`for x in $LIBDEPS; do if echo $x | grep '^ *-L' > /dev/null 2>&1; then echo $x | sed -e 's/^ *-L//'; fi; done | uniq`; LIBPATH=`echo $LIBPATH | sed -e 's/ /:/g'`; LD_LIBRARY_PATH=$LIBPATH:$LD_LIBRARY_PATH ${LDCMD} ${LDFLAGS} -o ${APPNAME:=igetest} igetest.o ${LIBDEPS} )
make[2]: Leaving directory `/root/Desktop/openssl-0.9.8zg/test'
cc -I.. -I../include  -I../fips -O   -c -o fips_shatest.o fips_shatest.c
make[2]: Entering directory `/root/Desktop/openssl-0.9.8zg/test'
( :; LIBDEPS="${LIBDEPS:--L.. -lcrypto }"; LDCMD="${LDCMD:-cc}"; LDFLAGS="${LDFLAGS:--O}"; LIBPATH=`for x in $LIBDEPS; do if echo $x | grep '^ *-L' > /dev/null 2>&1; then echo $x | sed -e 's/^ *-L//'; fi; done | uniq`; LIBPATH=`echo $LIBPATH | sed -e 's/ /:/g'`; LD_LIBRARY_PATH=$LIBPATH:$LD_LIBRARY_PATH ${LDCMD} ${LDFLAGS} -o ${APPNAME:=fips_shatest} fips_shatest.o ${LIBDEPS} )
make[2]: Leaving directory `/root/Desktop/openssl-0.9.8zg/test'
cc -I.. -I../include  -I../fips -O   -c -o fips_desmovs.o fips_desmovs.c
make[2]: Entering directory `/root/Desktop/openssl-0.9.8zg/test'
( :; LIBDEPS="${LIBDEPS:--L.. -lcrypto }"; LDCMD="${LDCMD:-cc}"; LDFLAGS="${LDFLAGS:--O}"; LIBPATH=`for x in $LIBDEPS; do if echo $x | grep '^ *-L' > /dev/null 2>&1; then echo $x | sed -e 's/^ *-L//'; fi; done | uniq`; LIBPATH=`echo $LIBPATH | sed -e 's/ /:/g'`; LD_LIBRARY_PATH=$LIBPATH:$LD_LIBRARY_PATH ${LDCMD} ${LDFLAGS} -o ${APPNAME:=fips_desmovs} fips_desmovs.o ${LIBDEPS} )
make[2]: Leaving directory `/root/Desktop/openssl-0.9.8zg/test'
cc -I.. -I../include  -I../fips -O   -c -o fips_randtest.o fips_randtest.c
make[2]: Entering directory `/root/Desktop/openssl-0.9.8zg/test'
( :; LIBDEPS="${LIBDEPS:--L.. -lcrypto }"; LDCMD="${LDCMD:-cc}"; LDFLAGS="${LDFLAGS:--O}"; LIBPATH=`for x in $LIBDEPS; do if echo $x | grep '^ *-L' > /dev/null 2>&1; then echo $x | sed -e 's/^ *-L//'; fi; done | uniq`; LIBPATH=`echo $LIBPATH | sed -e 's/ /:/g'`; LD_LIBRARY_PATH=$LIBPATH:$LD_LIBRARY_PATH ${LDCMD} ${LDFLAGS} -o ${APPNAME:=fips_randtest} fips_randtest.o ${LIBDEPS} )
make[2]: Leaving directory `/root/Desktop/openssl-0.9.8zg/test'
cc -I.. -I../include  -I../fips -O   -c -o fips_aesavs.o fips_aesavs.c
make[2]: Entering directory `/root/Desktop/openssl-0.9.8zg/test'
( :; LIBDEPS="${LIBDEPS:--L.. -lcrypto }"; LDCMD="${LDCMD:-cc}"; LDFLAGS="${LDFLAGS:--O}"; LIBPATH=`for x in $LIBDEPS; do if echo $x | grep '^ *-L' > /dev/null 2>&1; then echo $x | sed -e 's/^ *-L//'; fi; done | uniq`; LIBPATH=`echo $LIBPATH | sed -e 's/ /:/g'`; LD_LIBRARY_PATH=$LIBPATH:$LD_LIBRARY_PATH ${LDCMD} ${LDFLAGS} -o ${APPNAME:=fips_aesavs} fips_aesavs.o ${LIBDEPS} )
make[2]: Leaving directory `/root/Desktop/openssl-0.9.8zg/test'
cc -I.. -I../include  -I../fips -O   -c -o fips_hmactest.o fips_hmactest.c
make[2]: Entering directory `/root/Desktop/openssl-0.9.8zg/test'
( :; LIBDEPS="${LIBDEPS:--L.. -lcrypto }"; LDCMD="${LDCMD:-cc}"; LDFLAGS="${LDFLAGS:--O}"; LIBPATH=`for x in $LIBDEPS; do if echo $x | grep '^ *-L' > /dev/null 2>&1; then echo $x | sed -e 's/^ *-L//'; fi; done | uniq`; LIBPATH=`echo $LIBPATH | sed -e 's/ /:/g'`; LD_LIBRARY_PATH=$LIBPATH:$LD_LIBRARY_PATH ${LDCMD} ${LDFLAGS} -o ${APPNAME:=fips_hmactest} fips_hmactest.o ${LIBDEPS} )
make[2]: Leaving directory `/root/Desktop/openssl-0.9.8zg/test'
cc -I.. -I../include  -I../fips -O   -c -o fips_rsavtest.o fips_rsavtest.c
make[2]: Entering directory `/root/Desktop/openssl-0.9.8zg/test'
( :; LIBDEPS="${LIBDEPS:--L.. -lcrypto }"; LDCMD="${LDCMD:-cc}"; LDFLAGS="${LDFLAGS:--O}"; LIBPATH=`for x in $LIBDEPS; do if echo $x | grep '^ *-L' > /dev/null 2>&1; then echo $x | sed -e 's/^ *-L//'; fi; done | uniq`; LIBPATH=`echo $LIBPATH | sed -e 's/ /:/g'`; LD_LIBRARY_PATH=$LIBPATH:$LD_LIBRARY_PATH ${LDCMD} ${LDFLAGS} -o ${APPNAME:=fips_rsavtest} fips_rsavtest.o ${LIBDEPS} )
make[2]: Leaving directory `/root/Desktop/openssl-0.9.8zg/test'
cc -I.. -I../include  -I../fips -O   -c -o fips_rsastest.o fips_rsastest.c
make[2]: Entering directory `/root/Desktop/openssl-0.9.8zg/test'
( :; LIBDEPS="${LIBDEPS:--L.. -lcrypto }"; LDCMD="${LDCMD:-cc}"; LDFLAGS="${LDFLAGS:--O}"; LIBPATH=`for x in $LIBDEPS; do if echo $x | grep '^ *-L' > /dev/null 2>&1; then echo $x | sed -e 's/^ *-L//'; fi; done | uniq`; LIBPATH=`echo $LIBPATH | sed -e 's/ /:/g'`; LD_LIBRARY_PATH=$LIBPATH:$LD_LIBRARY_PATH ${LDCMD} ${LDFLAGS} -o ${APPNAME:=fips_rsastest} fips_rsastest.o ${LIBDEPS} )
make[2]: Leaving directory `/root/Desktop/openssl-0.9.8zg/test'
cc -I.. -I../include  -I../fips -O   -c -o fips_rsagtest.o fips_rsagtest.c
make[2]: Entering directory `/root/Desktop/openssl-0.9.8zg/test'
( :; LIBDEPS="${LIBDEPS:--L.. -lcrypto }"; LDCMD="${LDCMD:-cc}"; LDFLAGS="${LDFLAGS:--O}"; LIBPATH=`for x in $LIBDEPS; do if echo $x | grep '^ *-L' > /dev/null 2>&1; then echo $x | sed -e 's/^ *-L//'; fi; done | uniq`; LIBPATH=`echo $LIBPATH | sed -e 's/ /:/g'`; LD_LIBRARY_PATH=$LIBPATH:$LD_LIBRARY_PATH ${LDCMD} ${LDFLAGS} -o ${APPNAME:=fips_rsagtest} fips_rsagtest.o ${LIBDEPS} )
make[2]: Leaving directory `/root/Desktop/openssl-0.9.8zg/test'
cc -I.. -I../include  -I../fips -O   -c -o fips_dssvs.o fips_dssvs.c
make[2]: Entering directory `/root/Desktop/openssl-0.9.8zg/test'
( :; LIBDEPS="${LIBDEPS:--L.. -lcrypto }"; LDCMD="${LDCMD:-cc}"; LDFLAGS="${LDFLAGS:--O}"; LIBPATH=`for x in $LIBDEPS; do if echo $x | grep '^ *-L' > /dev/null 2>&1; then echo $x | sed -e 's/^ *-L//'; fi; done | uniq`; LIBPATH=`echo $LIBPATH | sed -e 's/ /:/g'`; LD_LIBRARY_PATH=$LIBPATH:$LD_LIBRARY_PATH ${LDCMD} ${LDFLAGS} -o ${APPNAME:=fips_dssvs} fips_dssvs.o ${LIBDEPS} )
make[2]: Leaving directory `/root/Desktop/openssl-0.9.8zg/test'
cc -I.. -I../include  -I../fips -O   -c -o fips_dsatest.o fips_dsatest.c
make[2]: Entering directory `/root/Desktop/openssl-0.9.8zg/test'
( :; LIBDEPS="${LIBDEPS:--L.. -lcrypto }"; LDCMD="${LDCMD:-cc}"; LDFLAGS="${LDFLAGS:--O}"; LIBPATH=`for x in $LIBDEPS; do if echo $x | grep '^ *-L' > /dev/null 2>&1; then echo $x | sed -e 's/^ *-L//'; fi; done | uniq`; LIBPATH=`echo $LIBPATH | sed -e 's/ /:/g'`; LD_LIBRARY_PATH=$LIBPATH:$LD_LIBRARY_PATH ${LDCMD} ${LDFLAGS} -o ${APPNAME:=fips_dsatest} fips_dsatest.o ${LIBDEPS} )
make[2]: Leaving directory `/root/Desktop/openssl-0.9.8zg/test'
cc -I.. -I../include  -I../fips -O   -c -o fips_rngvs.o fips_rngvs.c
make[2]: Entering directory `/root/Desktop/openssl-0.9.8zg/test'
( :; LIBDEPS="${LIBDEPS:--L.. -lcrypto }"; LDCMD="${LDCMD:-cc}"; LDFLAGS="${LDFLAGS:--O}"; LIBPATH=`for x in $LIBDEPS; do if echo $x | grep '^ *-L' > /dev/null 2>&1; then echo $x | sed -e 's/^ *-L//'; fi; done | uniq`; LIBPATH=`echo $LIBPATH | sed -e 's/ /:/g'`; LD_LIBRARY_PATH=$LIBPATH:$LD_LIBRARY_PATH ${LDCMD} ${LDFLAGS} -o ${APPNAME:=fips_rngvs} fips_rngvs.o ${LIBDEPS} )
make[2]: Leaving directory `/root/Desktop/openssl-0.9.8zg/test'
cc -I.. -I../include  -I../fips -O   -c -o fips_test_suite.o fips_test_suite.c
make[2]: Entering directory `/root/Desktop/openssl-0.9.8zg/test'
( :; LIBDEPS="${LIBDEPS:--L.. -lcrypto }"; LDCMD="${LDCMD:-cc}"; LDFLAGS="${LDFLAGS:--O}"; LIBPATH=`for x in $LIBDEPS; do if echo $x | grep '^ *-L' > /dev/null 2>&1; then echo $x | sed -e 's/^ *-L//'; fi; done | uniq`; LIBPATH=`echo $LIBPATH | sed -e 's/ /:/g'`; LD_LIBRARY_PATH=$LIBPATH:$LD_LIBRARY_PATH ${LDCMD} ${LDFLAGS} -o ${APPNAME:=fips_test_suite} fips_test_suite.o ${LIBDEPS} )
make[2]: Leaving directory `/root/Desktop/openssl-0.9.8zg/test'
cc -I.. -I../include  -I../fips -O   -c -o jpaketest.o jpaketest.c
make[2]: Entering directory `/root/Desktop/openssl-0.9.8zg/test'
( :; LIBDEPS="${LIBDEPS:--L.. -lssl -L.. -lcrypto  }"; LDCMD="${LDCMD:-cc}"; LDFLAGS="${LDFLAGS:--O}"; LIBPATH=`for x in $LIBDEPS; do if echo $x | grep '^ *-L' > /dev/null 2>&1; then echo $x | sed -e 's/^ *-L//'; fi; done | uniq`; LIBPATH=`echo $LIBPATH | sed -e 's/ /:/g'`; LD_LIBRARY_PATH=$LIBPATH:$LD_LIBRARY_PATH ${LDCMD} ${LDFLAGS} -o ${APPNAME:=jpaketest} jpaketest.o ${LIBDEPS} )
make[2]: Leaving directory `/root/Desktop/openssl-0.9.8zg/test'
cc -I.. -I../include  -I../fips -O   -c -o constant_time_test.o constant_time_test.c
make[2]: Entering directory `/root/Desktop/openssl-0.9.8zg/test'
( :; LIBDEPS="${LIBDEPS:--L.. -lssl -L.. -lcrypto  }"; LDCMD="${LDCMD:-cc}"; LDFLAGS="${LDFLAGS:--O}"; LIBPATH=`for x in $LIBDEPS; do if echo $x | grep '^ *-L' > /dev/null 2>&1; then echo $x | sed -e 's/^ *-L//'; fi; done | uniq`; LIBPATH=`echo $LIBPATH | sed -e 's/ /:/g'`; LD_LIBRARY_PATH=$LIBPATH:$LD_LIBRARY_PATH ${LDCMD} ${LDFLAGS} -o ${APPNAME:=constant_time_test} constant_time_test.o ${LIBDEPS} )
make[2]: Leaving directory `/root/Desktop/openssl-0.9.8zg/test'
cc -I.. -I../include  -I../fips -O   -c -o dummytest.o dummytest.c
make[2]: Entering directory `/root/Desktop/openssl-0.9.8zg/test'
( :; LIBDEPS="${LIBDEPS:--L.. -lssl -L.. -lcrypto  }"; LDCMD="${LDCMD:-cc}"; LDFLAGS="${LDFLAGS:--O}"; LIBPATH=`for x in $LIBDEPS; do if echo $x | grep '^ *-L' > /dev/null 2>&1; then echo $x | sed -e 's/^ *-L//'; fi; done | uniq`; LIBPATH=`echo $LIBPATH | sed -e 's/ /:/g'`; LD_LIBRARY_PATH=$LIBPATH:$LD_LIBRARY_PATH ${LDCMD} ${LDFLAGS} -o ${APPNAME:=dummytest} dummytest.o ${LIBDEPS} )
make[2]: Leaving directory `/root/Desktop/openssl-0.9.8zg/test'
make[1]: Leaving directory `/root/Desktop/openssl-0.9.8zg/test'
making all in tools...
make[1]: Entering directory `/root/Desktop/openssl-0.9.8zg/tools'
make[1]: Nothing to be done for `all'.
make[1]: Leaving directory `/root/Desktop/openssl-0.9.8zg/tools'
